srcscan starts
=============== Using vdb files for VHDL std libs ===========
INFO: The vhdl library search path for library "std" is now "/opt/Xilinx/Vivado/2021.2/data/precomp_hsv/vhdl/std" (VHDL-1505)
INFO: The vhdl library search path for library "synopsys" is now "/opt/Xilinx/Vivado/2021.2/data/precomp_hsv/vhdl/synopsys" (VHDL-1505)
INFO: The vhdl library search path for library "ieee" is now "/opt/Xilinx/Vivado/2021.2/data/precomp_hsv/vhdl/ieee" (VHDL-1505)
INFO: The vhdl library search path for library "unimacro" is now "/opt/Xilinx/Vivado/2021.2/data/precomp_hsv/vhdl/unimacro" (VHDL-1505)
INFO: The vhdl library search path for library "unisim" is now "/opt/Xilinx/Vivado/2021.2/data/precomp_hsv/vhdl/unisim" (VHDL-1505)
INFO: The vhdl library search path for library "vl" is now "/opt/Xilinx/Vivado/2021.2/data/precomp_hsv/vhdl/vl" (VHDL-1505)
INFO: The vhdl library search path for library "xpm" is now "/opt/Xilinx/Vivado/2021.2/data/precomp_hsv/vhdl/xpm" (VHDL-1505)
INFO: analyzing module riscv_RocketChip_0 (VERI-9002)
INFO: analyzing module riscv_RocketChip_0_AXI4Buffer (VERI-9002)
INFO: analyzing module riscv_RocketChip_0_AXI4Deinterleaver (VERI-9002)
INFO: analyzing module riscv_RocketChip_0_AXI4Fragmenter (VERI-9002)
INFO: analyzing module riscv_RocketChip_0_AXI4ToTL (VERI-9002)
INFO: analyzing module riscv_RocketChip_0_AXI4UserYanker (VERI-9002)
INFO: analyzing module riscv_RocketChip_0_AXI4UserYanker_1 (VERI-9002)
INFO: analyzing module riscv_RocketChip_0_AXI4UserYanker_2 (VERI-9002)
INFO: analyzing module riscv_RocketChip_0_AsyncQueueSink (VERI-9002)
INFO: analyzing module riscv_RocketChip_0_AsyncQueueSink_1 (VERI-9002)
INFO: analyzing module riscv_RocketChip_0_AsyncQueueSink_2 (VERI-9002)
INFO: analyzing module riscv_RocketChip_0_AsyncQueueSource (VERI-9002)
INFO: analyzing module riscv_RocketChip_0_AsyncQueueSource_1 (VERI-9002)
INFO: analyzing module riscv_RocketChip_0_AsyncQueueSource_2 (VERI-9002)
INFO: analyzing module riscv_RocketChip_0_AsyncResetRegVec_w1_i0 (VERI-9002)
INFO: analyzing module riscv_RocketChip_0_AsyncResetRegVec_w1_i0_75 (VERI-9002)
INFO: analyzing module riscv_RocketChip_0_AsyncResetRegVec_w2_i0 (VERI-9002)
INFO: analyzing module riscv_RocketChip_0_AsyncResetRegVec_w8_i0 (VERI-9002)
INFO: analyzing module riscv_RocketChip_0_AsyncResetSynchronizerPrimitiveShiftReg_d3_i0 (VERI-9002)
INFO: analyzing module riscv_RocketChip_0_AsyncResetSynchronizerPrimitiveShiftReg_d3_i0_104 (VERI-9002)
INFO: analyzing module riscv_RocketChip_0_AsyncResetSynchronizerPrimitiveShiftReg_d3_i0_106 (VERI-9002)
INFO: analyzing module riscv_RocketChip_0_AsyncResetSynchronizerPrimitiveShiftReg_d3_i0_107 (VERI-9002)
INFO: analyzing module riscv_RocketChip_0_AsyncResetSynchronizerPrimitiveShiftReg_d3_i0_108 (VERI-9002)
INFO: analyzing module riscv_RocketChip_0_AsyncResetSynchronizerPrimitiveShiftReg_d3_i0_110 (VERI-9002)
INFO: analyzing module riscv_RocketChip_0_AsyncResetSynchronizerPrimitiveShiftReg_d3_i0_85 (VERI-9002)
INFO: analyzing module riscv_RocketChip_0_AsyncResetSynchronizerPrimitiveShiftReg_d3_i0_87 (VERI-9002)
INFO: analyzing module riscv_RocketChip_0_AsyncResetSynchronizerPrimitiveShiftReg_d3_i0_90 (VERI-9002)
INFO: analyzing module riscv_RocketChip_0_AsyncResetSynchronizerPrimitiveShiftReg_d3_i0_91 (VERI-9002)
INFO: analyzing module riscv_RocketChip_0_AsyncResetSynchronizerPrimitiveShiftReg_d3_i0_93 (VERI-9002)
INFO: analyzing module riscv_RocketChip_0_AsyncResetSynchronizerPrimitiveShiftReg_d3_i0_97 (VERI-9002)
INFO: analyzing module riscv_RocketChip_0_AsyncResetSynchronizerPrimitiveShiftReg_d3_i0_99 (VERI-9002)
INFO: analyzing module riscv_RocketChip_0_AsyncResetSynchronizerShiftReg_w1_d3_i0 (VERI-9002)
INFO: analyzing module riscv_RocketChip_0_AsyncResetSynchronizerShiftReg_w1_d3_i0_1 (VERI-9002)
INFO: analyzing module riscv_RocketChip_0_AsyncResetSynchronizerShiftReg_w1_d3_i0_100 (VERI-9002)
INFO: analyzing module riscv_RocketChip_0_AsyncResetSynchronizerShiftReg_w1_d3_i0_109 (VERI-9002)
INFO: analyzing module riscv_RocketChip_0_AsyncResetSynchronizerShiftReg_w1_d3_i0_1_103 (VERI-9002)
INFO: analyzing module riscv_RocketChip_0_AsyncResetSynchronizerShiftReg_w1_d3_i0_1_105 (VERI-9002)
INFO: analyzing module riscv_RocketChip_0_AsyncResetSynchronizerShiftReg_w1_d3_i0_1_92 (VERI-9002)
INFO: analyzing module riscv_RocketChip_0_AsyncResetSynchronizerShiftReg_w1_d3_i0_1_98 (VERI-9002)
INFO: analyzing module riscv_RocketChip_0_AsyncResetSynchronizerShiftReg_w1_d3_i0_84 (VERI-9002)
INFO: analyzing module riscv_RocketChip_0_AsyncResetSynchronizerShiftReg_w1_d3_i0_86 (VERI-9002)
INFO: analyzing module riscv_RocketChip_0_AsyncResetSynchronizerShiftReg_w1_d3_i0_89 (VERI-9002)
INFO: analyzing module riscv_RocketChip_0_AsyncResetSynchronizerShiftReg_w1_d3_i0_94 (VERI-9002)
INFO: analyzing module riscv_RocketChip_0_AsyncResetSynchronizerShiftReg_w1_d3_i0_96 (VERI-9002)
INFO: analyzing module riscv_RocketChip_0_AsyncValidSync (VERI-9002)
INFO: analyzing module riscv_RocketChip_0_AsyncValidSync_101 (VERI-9002)
INFO: analyzing module riscv_RocketChip_0_AsyncValidSync_102 (VERI-9002)
INFO: analyzing module riscv_RocketChip_0_AsyncValidSync_88 (VERI-9002)
INFO: analyzing module riscv_RocketChip_0_AsyncValidSync_95 (VERI-9002)
INFO: analyzing module riscv_RocketChip_0_BTB (VERI-9002)
INFO: analyzing module riscv_RocketChip_0_CLINT (VERI-9002)
INFO: analyzing module riscv_RocketChip_0_CSRFile (VERI-9002)
INFO: analyzing module riscv_RocketChip_0_ClockCrossingReg_w15 (VERI-9002)
INFO: analyzing module riscv_RocketChip_0_ClockCrossingReg_w43 (VERI-9002)
INFO: analyzing module riscv_RocketChip_0_ClockCrossingReg_w55 (VERI-9002)
INFO: analyzing module riscv_RocketChip_0_ClockSinkDomain (VERI-9002)
INFO: analyzing module riscv_RocketChip_0_ClockSinkDomain_1 (VERI-9002)
INFO: analyzing module riscv_RocketChip_0_CoherenceManagerWrapper (VERI-9002)
INFO: analyzing module riscv_RocketChip_0_CompareRecFN (VERI-9002)
INFO: analyzing module riscv_RocketChip_0_DCache (VERI-9002)
INFO: analyzing module riscv_RocketChip_0_DCacheDataArray (VERI-9002)
INFO: analyzing module riscv_RocketChip_0_DivSqrtRawFN_small (VERI-9002)
INFO: analyzing module riscv_RocketChip_0_DivSqrtRawFN_small_1 (VERI-9002)
INFO: analyzing module riscv_RocketChip_0_DivSqrtRecFNToRaw_small (VERI-9002)
INFO: analyzing module riscv_RocketChip_0_DivSqrtRecFNToRaw_small_1 (VERI-9002)
INFO: analyzing module riscv_RocketChip_0_DivSqrtRecFN_small (VERI-9002)
INFO: analyzing module riscv_RocketChip_0_DivSqrtRecFN_small_1 (VERI-9002)
INFO: analyzing module riscv_RocketChip_0_ErrorDeviceWrapper (VERI-9002)
INFO: analyzing module riscv_RocketChip_0_FPToFP (VERI-9002)
INFO: analyzing module riscv_RocketChip_0_FPToInt (VERI-9002)
INFO: analyzing module riscv_RocketChip_0_FPU (VERI-9002)
INFO: analyzing module riscv_RocketChip_0_FPUFMAPipe (VERI-9002)
INFO: analyzing module riscv_RocketChip_0_FPUFMAPipe_1 (VERI-9002)
INFO: analyzing module riscv_RocketChip_0_FrontBus (VERI-9002)
INFO: analyzing module riscv_RocketChip_0_Frontend (VERI-9002)
INFO: analyzing module riscv_RocketChip_0_HellaCacheArbiter (VERI-9002)
INFO: analyzing module riscv_RocketChip_0_IBuf (VERI-9002)
INFO: analyzing module riscv_RocketChip_0_ICache (VERI-9002)
INFO: analyzing module riscv_RocketChip_0_INToRecFN (VERI-9002)
INFO: analyzing module riscv_RocketChip_0_INToRecFN_1 (VERI-9002)
INFO: analyzing module riscv_RocketChip_0_IntSyncAsyncCrossingSink (VERI-9002)
INFO: analyzing module riscv_RocketChip_0_IntSyncAsyncCrossingSink_1 (VERI-9002)
INFO: analyzing module riscv_RocketChip_0_IntSyncCrossingSource_1 (VERI-9002)
INFO: analyzing module riscv_RocketChip_0_IntSyncCrossingSource_1_0 (VERI-9002)
INFO: analyzing module riscv_RocketChip_0_IntSyncCrossingSource_5 (VERI-9002)
INFO: analyzing module riscv_RocketChip_0_IntSyncCrossingSource_8 (VERI-9002)
INFO: analyzing module riscv_RocketChip_0_IntToFP (VERI-9002)
INFO: analyzing module riscv_RocketChip_0_JtagSeries7 (VERI-9002)
INFO: analyzing module riscv_RocketChip_0_LevelGateway (VERI-9002)
INFO: analyzing module riscv_RocketChip_0_LevelGateway_68 (VERI-9002)
INFO: analyzing module riscv_RocketChip_0_LevelGateway_69 (VERI-9002)
INFO: analyzing module riscv_RocketChip_0_LevelGateway_70 (VERI-9002)
INFO: analyzing module riscv_RocketChip_0_LevelGateway_71 (VERI-9002)
INFO: analyzing module riscv_RocketChip_0_LevelGateway_72 (VERI-9002)
INFO: analyzing module riscv_RocketChip_0_LevelGateway_73 (VERI-9002)
INFO: analyzing module riscv_RocketChip_0_LevelGateway_74 (VERI-9002)
INFO: analyzing module riscv_RocketChip_0_MaxPeriodFibonacciLFSR (VERI-9002)
INFO: analyzing module riscv_RocketChip_0_MaxPeriodFibonacciLFSR_7 (VERI-9002)
INFO: analyzing module riscv_RocketChip_0_MemoryBus (VERI-9002)
INFO: analyzing module riscv_RocketChip_0_MulAddRecFNPipe (VERI-9002)
INFO: analyzing module riscv_RocketChip_0_MulAddRecFNPipe_1 (VERI-9002)
INFO: analyzing module riscv_RocketChip_0_MulAddRecFNToRaw_postMul (VERI-9002)
INFO: analyzing module riscv_RocketChip_0_MulAddRecFNToRaw_postMul_1 (VERI-9002)
INFO: analyzing module riscv_RocketChip_0_MulAddRecFNToRaw_preMul (VERI-9002)
INFO: analyzing module riscv_RocketChip_0_MulAddRecFNToRaw_preMul_1 (VERI-9002)
INFO: analyzing module riscv_RocketChip_0_MulDiv (VERI-9002)
INFO: analyzing module riscv_RocketChip_0_NonSyncResetSynchronizerPrimitiveShiftReg_d3 (VERI-9002)
INFO: analyzing module riscv_RocketChip_0_NonSyncResetSynchronizerPrimitiveShiftReg_d3_76 (VERI-9002)
INFO: analyzing module riscv_RocketChip_0_NonSyncResetSynchronizerPrimitiveShiftReg_d3_77 (VERI-9002)
INFO: analyzing module riscv_RocketChip_0_NonSyncResetSynchronizerPrimitiveShiftReg_d3_78 (VERI-9002)
INFO: analyzing module riscv_RocketChip_0_NonSyncResetSynchronizerPrimitiveShiftReg_d3_79 (VERI-9002)
INFO: analyzing module riscv_RocketChip_0_NonSyncResetSynchronizerPrimitiveShiftReg_d3_80 (VERI-9002)
INFO: analyzing module riscv_RocketChip_0_NonSyncResetSynchronizerPrimitiveShiftReg_d3_81 (VERI-9002)
INFO: analyzing module riscv_RocketChip_0_NonSyncResetSynchronizerPrimitiveShiftReg_d3_82 (VERI-9002)
INFO: analyzing module riscv_RocketChip_0_NonSyncResetSynchronizerPrimitiveShiftReg_d3_83 (VERI-9002)
INFO: analyzing module riscv_RocketChip_0_OLEDCtrl (VERI-9002)
INFO: analyzing module riscv_RocketChip_0_PTW (VERI-9002)
INFO: analyzing module riscv_RocketChip_0_PeripheryBus_1 (VERI-9002)
INFO: analyzing module riscv_RocketChip_0_Queue (VERI-9002)
INFO: analyzing module riscv_RocketChip_0_QueueCompatibility (VERI-9002)
INFO: analyzing module riscv_RocketChip_0_QueueCompatibility_10 (VERI-9002)
INFO: analyzing module riscv_RocketChip_0_QueueCompatibility_11 (VERI-9002)
INFO: analyzing module riscv_RocketChip_0_QueueCompatibility_12 (VERI-9002)
INFO: analyzing module riscv_RocketChip_0_QueueCompatibility_12_61 (VERI-9002)
INFO: analyzing module riscv_RocketChip_0_QueueCompatibility_12_62 (VERI-9002)
INFO: analyzing module riscv_RocketChip_0_QueueCompatibility_12_63 (VERI-9002)
INFO: analyzing module riscv_RocketChip_0_QueueCompatibility_13 (VERI-9002)
INFO: analyzing module riscv_RocketChip_0_QueueCompatibility_14 (VERI-9002)
INFO: analyzing module riscv_RocketChip_0_QueueCompatibility_15 (VERI-9002)
INFO: analyzing module riscv_RocketChip_0_QueueCompatibility_16 (VERI-9002)
INFO: analyzing module riscv_RocketChip_0_QueueCompatibility_16_26 (VERI-9002)
INFO: analyzing module riscv_RocketChip_0_QueueCompatibility_16_27 (VERI-9002)
INFO: analyzing module riscv_RocketChip_0_QueueCompatibility_16_28 (VERI-9002)
INFO: analyzing module riscv_RocketChip_0_QueueCompatibility_16_29 (VERI-9002)
INFO: analyzing module riscv_RocketChip_0_QueueCompatibility_16_30 (VERI-9002)
INFO: analyzing module riscv_RocketChip_0_QueueCompatibility_16_31 (VERI-9002)
INFO: analyzing module riscv_RocketChip_0_QueueCompatibility_16_32 (VERI-9002)
INFO: analyzing module riscv_RocketChip_0_QueueCompatibility_16_33 (VERI-9002)
INFO: analyzing module riscv_RocketChip_0_QueueCompatibility_16_34 (VERI-9002)
INFO: analyzing module riscv_RocketChip_0_QueueCompatibility_16_35 (VERI-9002)
INFO: analyzing module riscv_RocketChip_0_QueueCompatibility_16_36 (VERI-9002)
INFO: analyzing module riscv_RocketChip_0_QueueCompatibility_16_37 (VERI-9002)
INFO: analyzing module riscv_RocketChip_0_QueueCompatibility_16_38 (VERI-9002)
INFO: analyzing module riscv_RocketChip_0_QueueCompatibility_16_39 (VERI-9002)
INFO: analyzing module riscv_RocketChip_0_QueueCompatibility_16_40 (VERI-9002)
INFO: analyzing module riscv_RocketChip_0_QueueCompatibility_16_41 (VERI-9002)
INFO: analyzing module riscv_RocketChip_0_QueueCompatibility_16_42 (VERI-9002)
INFO: analyzing module riscv_RocketChip_0_QueueCompatibility_16_43 (VERI-9002)
INFO: analyzing module riscv_RocketChip_0_QueueCompatibility_16_44 (VERI-9002)
INFO: analyzing module riscv_RocketChip_0_QueueCompatibility_16_45 (VERI-9002)
INFO: analyzing module riscv_RocketChip_0_QueueCompatibility_16_46 (VERI-9002)
INFO: analyzing module riscv_RocketChip_0_QueueCompatibility_16_47 (VERI-9002)
INFO: analyzing module riscv_RocketChip_0_QueueCompatibility_16_48 (VERI-9002)
INFO: analyzing module riscv_RocketChip_0_QueueCompatibility_16_49 (VERI-9002)
INFO: analyzing module riscv_RocketChip_0_QueueCompatibility_16_50 (VERI-9002)
INFO: analyzing module riscv_RocketChip_0_QueueCompatibility_16_51 (VERI-9002)
INFO: analyzing module riscv_RocketChip_0_QueueCompatibility_16_52 (VERI-9002)
INFO: analyzing module riscv_RocketChip_0_QueueCompatibility_16_53 (VERI-9002)
INFO: analyzing module riscv_RocketChip_0_QueueCompatibility_16_54 (VERI-9002)
INFO: analyzing module riscv_RocketChip_0_QueueCompatibility_16_55 (VERI-9002)
INFO: analyzing module riscv_RocketChip_0_QueueCompatibility_16_56 (VERI-9002)
INFO: analyzing module riscv_RocketChip_0_QueueCompatibility_16_57 (VERI-9002)
INFO: analyzing module riscv_RocketChip_0_QueueCompatibility_2 (VERI-9002)
INFO: analyzing module riscv_RocketChip_0_QueueCompatibility_2_12 (VERI-9002)
INFO: analyzing module riscv_RocketChip_0_QueueCompatibility_2_17 (VERI-9002)
INFO: analyzing module riscv_RocketChip_0_QueueCompatibility_2_18 (VERI-9002)
INFO: analyzing module riscv_RocketChip_0_QueueCompatibility_9 (VERI-9002)
INFO: analyzing module riscv_RocketChip_0_Queue_1 (VERI-9002)
INFO: analyzing module riscv_RocketChip_0_Queue_11 (VERI-9002)
INFO: analyzing module riscv_RocketChip_0_Queue_11_25 (VERI-9002)
INFO: analyzing module riscv_RocketChip_0_Queue_11_65 (VERI-9002)
INFO: analyzing module riscv_RocketChip_0_Queue_12 (VERI-9002)
INFO: analyzing module riscv_RocketChip_0_Queue_13 (VERI-9002)
INFO: analyzing module riscv_RocketChip_0_Queue_14 (VERI-9002)
INFO: analyzing module riscv_RocketChip_0_Queue_15 (VERI-9002)
INFO: analyzing module riscv_RocketChip_0_Queue_16 (VERI-9002)
INFO: analyzing module riscv_RocketChip_0_Queue_17 (VERI-9002)
INFO: analyzing module riscv_RocketChip_0_Queue_18 (VERI-9002)
INFO: analyzing module riscv_RocketChip_0_Queue_19 (VERI-9002)
INFO: analyzing module riscv_RocketChip_0_Queue_19_64 (VERI-9002)
INFO: analyzing module riscv_RocketChip_0_Queue_2 (VERI-9002)
INFO: analyzing module riscv_RocketChip_0_Queue_22 (VERI-9002)
INFO: analyzing module riscv_RocketChip_0_Queue_23 (VERI-9002)
INFO: analyzing module riscv_RocketChip_0_Queue_23_67 (VERI-9002)
INFO: analyzing module riscv_RocketChip_0_Queue_24 (VERI-9002)
INFO: analyzing module riscv_RocketChip_0_Queue_24_66 (VERI-9002)
INFO: analyzing module riscv_RocketChip_0_Queue_25 (VERI-9002)
INFO: analyzing module riscv_RocketChip_0_Queue_28 (VERI-9002)
INFO: analyzing module riscv_RocketChip_0_Queue_29 (VERI-9002)
INFO: analyzing module riscv_RocketChip_0_Queue_29_58 (VERI-9002)
INFO: analyzing module riscv_RocketChip_0_Queue_29_59 (VERI-9002)
INFO: analyzing module riscv_RocketChip_0_Queue_29_60 (VERI-9002)
INFO: analyzing module riscv_RocketChip_0_Queue_33 (VERI-9002)
INFO: analyzing module riscv_RocketChip_0_Queue_34 (VERI-9002)
INFO: analyzing module riscv_RocketChip_0_Queue_35 (VERI-9002)
INFO: analyzing module riscv_RocketChip_0_Queue_36 (VERI-9002)
INFO: analyzing module riscv_RocketChip_0_Queue_37 (VERI-9002)
INFO: analyzing module riscv_RocketChip_0_Queue_38 (VERI-9002)
INFO: analyzing module riscv_RocketChip_0_Queue_39 (VERI-9002)
INFO: analyzing module riscv_RocketChip_0_Queue_4 (VERI-9002)
INFO: analyzing module riscv_RocketChip_0_Queue_5 (VERI-9002)
INFO: analyzing module riscv_RocketChip_0_Queue_5_19 (VERI-9002)
INFO: analyzing module riscv_RocketChip_0_Queue_5_20 (VERI-9002)
INFO: analyzing module riscv_RocketChip_0_Queue_5_21 (VERI-9002)
INFO: analyzing module riscv_RocketChip_0_Queue_5_22 (VERI-9002)
INFO: analyzing module riscv_RocketChip_0_Queue_5_23 (VERI-9002)
INFO: analyzing module riscv_RocketChip_0_RecFNToIN (VERI-9002)
INFO: analyzing module riscv_RocketChip_0_RecFNToRecFN (VERI-9002)
INFO: analyzing module riscv_RocketChip_0_Repeater (VERI-9002)
INFO: analyzing module riscv_RocketChip_0_Repeater_1 (VERI-9002)
INFO: analyzing module riscv_RocketChip_0_Repeater_2 (VERI-9002)
INFO: analyzing module riscv_RocketChip_0_Repeater_3 (VERI-9002)
INFO: analyzing module riscv_RocketChip_0_Repeater_4 (VERI-9002)
INFO: analyzing module riscv_RocketChip_0_Rocket (VERI-9002)
INFO: analyzing module riscv_RocketChip_0_Rocket64b1 (VERI-9002)
INFO: analyzing module riscv_RocketChip_0_RocketSystem (VERI-9002)
INFO: analyzing module riscv_RocketChip_0_RocketTile (VERI-9002)
INFO: analyzing module riscv_RocketChip_0_RoundAnyRawFNToRecFN (VERI-9002)
INFO: analyzing module riscv_RocketChip_0_RoundAnyRawFNToRecFN_1 (VERI-9002)
INFO: analyzing module riscv_RocketChip_0_RoundAnyRawFNToRecFN_2 (VERI-9002)
INFO: analyzing module riscv_RocketChip_0_RoundAnyRawFNToRecFN_3 (VERI-9002)
INFO: analyzing module riscv_RocketChip_0_RoundAnyRawFNToRecFN_4 (VERI-9002)
INFO: analyzing module riscv_RocketChip_0_RoundAnyRawFNToRecFN_4_6 (VERI-9002)
INFO: analyzing module riscv_RocketChip_0_RoundAnyRawFNToRecFN_5 (VERI-9002)
INFO: analyzing module riscv_RocketChip_0_RoundRawFNToRecFN (VERI-9002)
INFO: analyzing module riscv_RocketChip_0_RoundRawFNToRecFN_1 (VERI-9002)
INFO: analyzing module riscv_RocketChip_0_RoundRawFNToRecFN_2 (VERI-9002)
INFO: analyzing module riscv_RocketChip_0_RoundRawFNToRecFN_3 (VERI-9002)
INFO: analyzing module riscv_RocketChip_0_SBToTL (VERI-9002)
INFO: analyzing module riscv_RocketChip_0_SHA256_CASE (VERI-9002)
INFO: analyzing module riscv_RocketChip_0_ShiftQueue (VERI-9002)
INFO: analyzing module riscv_RocketChip_0_SpiCtrl (VERI-9002)
INFO: analyzing module riscv_RocketChip_0_SynchronizerShiftReg_w1_d3 (VERI-9002)
INFO: analyzing module riscv_RocketChip_0_SynchronizerShiftReg_w8_d3 (VERI-9002)
INFO: analyzing module riscv_RocketChip_0_SystemBus (VERI-9002)
INFO: analyzing module riscv_RocketChip_0_TLAsyncCrossingSink (VERI-9002)
INFO: analyzing module riscv_RocketChip_0_TLAsyncCrossingSource (VERI-9002)
INFO: analyzing module riscv_RocketChip_0_TLAtomicAutomata_1 (VERI-9002)
INFO: analyzing module riscv_RocketChip_0_TLB_1 (VERI-9002)
INFO: analyzing module riscv_RocketChip_0_TLBroadcast (VERI-9002)
INFO: analyzing module riscv_RocketChip_0_TLBroadcastTracker (VERI-9002)
INFO: analyzing module riscv_RocketChip_0_TLBroadcastTracker_1 (VERI-9002)
INFO: analyzing module riscv_RocketChip_0_TLBroadcastTracker_2 (VERI-9002)
INFO: analyzing module riscv_RocketChip_0_TLBroadcastTracker_3 (VERI-9002)
INFO: analyzing module riscv_RocketChip_0_TLBuffer_2 (VERI-9002)
INFO: analyzing module riscv_RocketChip_0_TLBuffer_3 (VERI-9002)
INFO: analyzing module riscv_RocketChip_0_TLBuffer_4 (VERI-9002)
INFO: analyzing module riscv_RocketChip_0_TLBuffer_5 (VERI-9002)
INFO: analyzing module riscv_RocketChip_0_TLBuffer_9 (VERI-9002)
INFO: analyzing module riscv_RocketChip_0_TLBusBypass (VERI-9002)
INFO: analyzing module riscv_RocketChip_0_TLBusBypassBar (VERI-9002)
INFO: analyzing module riscv_RocketChip_0_TLDebugModule (VERI-9002)
INFO: analyzing module riscv_RocketChip_0_TLDebugModuleInner (VERI-9002)
INFO: analyzing module riscv_RocketChip_0_TLDebugModuleInnerAsync (VERI-9002)
INFO: analyzing module riscv_RocketChip_0_TLDebugModuleOuter (VERI-9002)
INFO: analyzing module riscv_RocketChip_0_TLDebugModuleOuterAsync (VERI-9002)
INFO: analyzing module riscv_RocketChip_0_TLError (VERI-9002)
INFO: analyzing module riscv_RocketChip_0_TLError_1 (VERI-9002)
INFO: analyzing module riscv_RocketChip_0_TLFIFOFixer (VERI-9002)
INFO: analyzing module riscv_RocketChip_0_TLFIFOFixer_2 (VERI-9002)
INFO: analyzing module riscv_RocketChip_0_TLFIFOFixer_3 (VERI-9002)
INFO: analyzing module riscv_RocketChip_0_TLFragmenter (VERI-9002)
INFO: analyzing module riscv_RocketChip_0_TLFragmenter_1 (VERI-9002)
INFO: analyzing module riscv_RocketChip_0_TLFragmenter_2 (VERI-9002)
INFO: analyzing module riscv_RocketChip_0_TLFragmenter_3 (VERI-9002)
INFO: analyzing module riscv_RocketChip_0_TLInterconnectCoupler_10 (VERI-9002)
INFO: analyzing module riscv_RocketChip_0_TLInterconnectCoupler_12 (VERI-9002)
INFO: analyzing module riscv_RocketChip_0_TLInterconnectCoupler_13 (VERI-9002)
INFO: analyzing module riscv_RocketChip_0_TLInterconnectCoupler_4 (VERI-9002)
INFO: analyzing module riscv_RocketChip_0_TLInterconnectCoupler_5 (VERI-9002)
INFO: analyzing module riscv_RocketChip_0_TLInterconnectCoupler_6 (VERI-9002)
INFO: analyzing module riscv_RocketChip_0_TLInterconnectCoupler_8 (VERI-9002)
INFO: analyzing module riscv_RocketChip_0_TLInterconnectCoupler_9 (VERI-9002)
INFO: analyzing module riscv_RocketChip_0_TLPLIC (VERI-9002)
INFO: analyzing module riscv_RocketChip_0_TLROM (VERI-9002)
INFO: analyzing module riscv_RocketChip_0_TLToAXI4 (VERI-9002)
INFO: analyzing module riscv_RocketChip_0_TLToAXI4_1 (VERI-9002)
INFO: analyzing module riscv_RocketChip_0_TLWidthWidget_4 (VERI-9002)
INFO: analyzing module riscv_RocketChip_0_TLXbar (VERI-9002)
INFO: analyzing module riscv_RocketChip_0_TLXbar_3 (VERI-9002)
INFO: analyzing module riscv_RocketChip_0_TLXbar_5 (VERI-9002)
INFO: analyzing module riscv_RocketChip_0_TLXbar_7 (VERI-9002)
INFO: analyzing module riscv_RocketChip_0_TLXbar_9 (VERI-9002)
INFO: analyzing module riscv_RocketChip_0_TilePRCIDomain (VERI-9002)
INFO: analyzing module riscv_RocketChip_0_charLib (VERI-9002)
INFO: analyzing module riscv_RocketChip_0_data_arrays_0 (VERI-9002)
INFO: analyzing module riscv_RocketChip_0_data_arrays_0_0 (VERI-9002)
INFO: analyzing module riscv_RocketChip_0_data_arrays_0_0_1 (VERI-9002)
INFO: analyzing module riscv_RocketChip_0_data_arrays_0_0_ext (VERI-9002)
INFO: analyzing module riscv_RocketChip_0_data_arrays_0_0_ext_2 (VERI-9002)
INFO: analyzing module riscv_RocketChip_0_data_arrays_0_ext (VERI-9002)
INFO: analyzing module riscv_RocketChip_0_delay_ms (VERI-9002)
INFO: analyzing module riscv_RocketChip_0_init_sequence_rom (VERI-9002)
INFO: analyzing module riscv_RocketChip_0_mod (VERI-9002)
INFO: analyzing module riscv_RocketChip_0_mod_8 (VERI-9002)
INFO: analyzing module riscv_RocketChip_0_mod_exp (VERI-9002)
INFO: analyzing module riscv_RocketChip_0_oled_test (VERI-9002)
INFO: analyzing module riscv_RocketChip_0_pixel_buffer (VERI-9002)
INFO: analyzing module riscv_RocketChip_0_synchronizer (VERI-9002)
/home/lee/rebuild_oled_switch/vivado-risc-v/workspace/rocket64b1/vivado-nexys-video-riscv/nexys-video-riscv.gen/sources_1/bd/riscv/ip/riscv_RocketChip_0/riscv_RocketChip_0_sim_netlist.v(4194303): WARNING: identifier 'shreg' is used before its declaration (VERI-1875)
INFO: analyzing module riscv_RocketChip_0_synchronizer_111 (VERI-9002)
/home/lee/rebuild_oled_switch/vivado-risc-v/workspace/rocket64b1/vivado-nexys-video-riscv/nexys-video-riscv.gen/sources_1/bd/riscv/ip/riscv_RocketChip_0/riscv_RocketChip_0_sim_netlist.v(4194303): WARNING: identifier 'shreg' is used before its declaration (VERI-1875)
INFO: analyzing module riscv_RocketChip_0_synchronizer_112 (VERI-9002)
INFO: analyzing module riscv_RocketChip_0_synchronizer_113 (VERI-9002)
INFO: analyzing module riscv_RocketChip_0_tag_array (VERI-9002)
INFO: analyzing module riscv_RocketChip_0_tag_array_0 (VERI-9002)
INFO: analyzing module riscv_RocketChip_0_tag_array_0_ext (VERI-9002)
INFO: analyzing module riscv_RocketChip_0_tag_array_ext (VERI-9002)
INFO: analyzing module riscv_RocketChip_0_blk_mem_gen_generic_cstr (VERI-9002)
INFO: analyzing module riscv_RocketChip_0_blk_mem_gen_generic_cstr__parameterized0 (VERI-9002)
INFO: analyzing module riscv_RocketChip_0_blk_mem_gen_generic_cstr__parameterized1 (VERI-9002)
INFO: analyzing module riscv_RocketChip_0_blk_mem_gen_prim_width (VERI-9002)
INFO: analyzing module riscv_RocketChip_0_blk_mem_gen_prim_width__parameterized0 (VERI-9002)
INFO: analyzing module riscv_RocketChip_0_blk_mem_gen_prim_width__parameterized1 (VERI-9002)
INFO: analyzing module riscv_RocketChip_0_blk_mem_gen_prim_wrapper (VERI-9002)
INFO: analyzing module riscv_RocketChip_0_blk_mem_gen_prim_wrapper_init (VERI-9002)
INFO: analyzing module riscv_RocketChip_0_blk_mem_gen_prim_wrapper_init__parameterized0 (VERI-9002)
INFO: analyzing module riscv_RocketChip_0_blk_mem_gen_top (VERI-9002)
INFO: analyzing module riscv_RocketChip_0_blk_mem_gen_top__parameterized0 (VERI-9002)
INFO: analyzing module riscv_RocketChip_0_blk_mem_gen_top__parameterized1 (VERI-9002)
INFO: analyzing module riscv_RocketChip_0_blk_mem_gen_v8_4_5 (VERI-9002)
INFO: analyzing module riscv_RocketChip_0_blk_mem_gen_v8_4_5__parameterized1 (VERI-9002)
INFO: analyzing module riscv_RocketChip_0_blk_mem_gen_v8_4_5__parameterized3 (VERI-9002)
INFO: analyzing module riscv_RocketChip_0_blk_mem_gen_v8_4_5_synth (VERI-9002)
INFO: analyzing module riscv_RocketChip_0_blk_mem_gen_v8_4_5_synth__parameterized0 (VERI-9002)
INFO: analyzing module riscv_RocketChip_0_blk_mem_gen_v8_4_5_synth__parameterized1 (VERI-9002)
INFO: analyzing module glbl (VERI-9002)
/home/lee/rebuild_oled_switch/vivado-risc-v/workspace/rocket64b1/vivado-nexys-video-riscv/nexys-video-riscv.gen/sources_1/bd/riscv/ip/riscv_RocketChip_0/riscv_RocketChip_0_sim_netlist.v(4194303): WARNING: identifier 'ROC_WIDTH' is used before its declaration (VERI-1875)
/home/lee/rebuild_oled_switch/vivado-risc-v/workspace/rocket64b1/vivado-nexys-video-riscv/nexys-video-riscv.gen/sources_1/bd/riscv/ip/riscv_RocketChip_0/riscv_RocketChip_0_sim_netlist.v(4194303): WARNING: identifier 'GRES_START' is used before its declaration (VERI-1875)
-- Analyzing VHDL file "/home/lee/rebuild_oled_switch/vivado-risc-v/workspace/rocket64b1/vivado-nexys-video-riscv/nexys-video-riscv.gen/sources_1/bd/riscv/ip/riscv_RocketChip_0/riscv_RocketChip_0_sim_netlist.vhdl" into library xil_defaultlib (VHDL-9003)
INFO: analyzing entity 'riscv_RocketChip_0_AsyncResetRegVec_w1_i0' (VHDL-1012)
INFO: analyzing architecture 'STRUCTURE' of entity 'riscv_rocketchip_0_asyncresetregvec_w1_i0' (VHDL-9006)
INFO: analyzing entity 'riscv_RocketChip_0_AsyncResetRegVec_w1_i0_75' (VHDL-1012)
INFO: analyzing architecture 'STRUCTURE' of entity 'riscv_rocketchip_0_asyncresetregvec_w1_i0_75' (VHDL-9006)
INFO: analyzing entity 'riscv_RocketChip_0_AsyncResetRegVec_w2_i0' (VHDL-1012)
INFO: analyzing architecture 'STRUCTURE' of entity 'riscv_rocketchip_0_asyncresetregvec_w2_i0' (VHDL-9006)
INFO: analyzing entity 'riscv_RocketChip_0_AsyncResetRegVec_w8_i0' (VHDL-1012)
INFO: analyzing architecture 'STRUCTURE' of entity 'riscv_rocketchip_0_asyncresetregvec_w8_i0' (VHDL-9006)
INFO: analyzing entity 'riscv_RocketChip_0_AsyncResetSynchronizerPrimitiveShiftReg_d3_i0' (VHDL-1012)
INFO: analyzing architecture 'STRUCTURE' of entity 'riscv_rocketchip_0_asyncresetsynchronizerprimitiveshiftreg_d3_i0' (VHDL-9006)
INFO: analyzing entity 'riscv_RocketChip_0_AsyncResetSynchronizerPrimitiveShiftReg_d3_i0_104' (VHDL-1012)
INFO: analyzing architecture 'STRUCTURE' of entity 'riscv_rocketchip_0_asyncresetsynchronizerprimitiveshiftreg_d3_i0_104' (VHDL-9006)
INFO: analyzing entity 'riscv_RocketChip_0_AsyncResetSynchronizerPrimitiveShiftReg_d3_i0_106' (VHDL-1012)
INFO: analyzing architecture 'STRUCTURE' of entity 'riscv_rocketchip_0_asyncresetsynchronizerprimitiveshiftreg_d3_i0_106' (VHDL-9006)
INFO: analyzing entity 'riscv_RocketChip_0_AsyncResetSynchronizerPrimitiveShiftReg_d3_i0_107' (VHDL-1012)
INFO: analyzing architecture 'STRUCTURE' of entity 'riscv_rocketchip_0_asyncresetsynchronizerprimitiveshiftreg_d3_i0_107' (VHDL-9006)
INFO: analyzing entity 'riscv_RocketChip_0_AsyncResetSynchronizerPrimitiveShiftReg_d3_i0_108' (VHDL-1012)
INFO: analyzing architecture 'STRUCTURE' of entity 'riscv_rocketchip_0_asyncresetsynchronizerprimitiveshiftreg_d3_i0_108' (VHDL-9006)
INFO: analyzing entity 'riscv_RocketChip_0_AsyncResetSynchronizerPrimitiveShiftReg_d3_i0_110' (VHDL-1012)
INFO: analyzing architecture 'STRUCTURE' of entity 'riscv_rocketchip_0_asyncresetsynchronizerprimitiveshiftreg_d3_i0_110' (VHDL-9006)
INFO: analyzing entity 'riscv_RocketChip_0_AsyncResetSynchronizerPrimitiveShiftReg_d3_i0_85' (VHDL-1012)
INFO: analyzing architecture 'STRUCTURE' of entity 'riscv_rocketchip_0_asyncresetsynchronizerprimitiveshiftreg_d3_i0_85' (VHDL-9006)
INFO: analyzing entity 'riscv_RocketChip_0_AsyncResetSynchronizerPrimitiveShiftReg_d3_i0_87' (VHDL-1012)
INFO: analyzing architecture 'STRUCTURE' of entity 'riscv_rocketchip_0_asyncresetsynchronizerprimitiveshiftreg_d3_i0_87' (VHDL-9006)
INFO: analyzing entity 'riscv_RocketChip_0_AsyncResetSynchronizerPrimitiveShiftReg_d3_i0_90' (VHDL-1012)
INFO: analyzing architecture 'STRUCTURE' of entity 'riscv_rocketchip_0_asyncresetsynchronizerprimitiveshiftreg_d3_i0_90' (VHDL-9006)
INFO: analyzing entity 'riscv_RocketChip_0_AsyncResetSynchronizerPrimitiveShiftReg_d3_i0_91' (VHDL-1012)
INFO: analyzing architecture 'STRUCTURE' of entity 'riscv_rocketchip_0_asyncresetsynchronizerprimitiveshiftreg_d3_i0_91' (VHDL-9006)
INFO: analyzing entity 'riscv_RocketChip_0_AsyncResetSynchronizerPrimitiveShiftReg_d3_i0_93' (VHDL-1012)
INFO: analyzing architecture 'STRUCTURE' of entity 'riscv_rocketchip_0_asyncresetsynchronizerprimitiveshiftreg_d3_i0_93' (VHDL-9006)
INFO: analyzing entity 'riscv_RocketChip_0_AsyncResetSynchronizerPrimitiveShiftReg_d3_i0_97' (VHDL-1012)
INFO: analyzing architecture 'STRUCTURE' of entity 'riscv_rocketchip_0_asyncresetsynchronizerprimitiveshiftreg_d3_i0_97' (VHDL-9006)
INFO: analyzing entity 'riscv_RocketChip_0_AsyncResetSynchronizerPrimitiveShiftReg_d3_i0_99' (VHDL-1012)
INFO: analyzing architecture 'STRUCTURE' of entity 'riscv_rocketchip_0_asyncresetsynchronizerprimitiveshiftreg_d3_i0_99' (VHDL-9006)
INFO: analyzing entity 'riscv_RocketChip_0_BTB' (VHDL-1012)
INFO: analyzing architecture 'STRUCTURE' of entity 'riscv_rocketchip_0_btb' (VHDL-9006)
INFO: analyzing entity 'riscv_RocketChip_0_CLINT' (VHDL-1012)
INFO: analyzing architecture 'STRUCTURE' of entity 'riscv_rocketchip_0_clint' (VHDL-9006)
INFO: analyzing entity 'riscv_RocketChip_0_CSRFile' (VHDL-1012)
INFO: analyzing architecture 'STRUCTURE' of entity 'riscv_rocketchip_0_csrfile' (VHDL-9006)
INFO: analyzing entity 'riscv_RocketChip_0_ClockCrossingReg_w15' (VHDL-1012)
INFO: analyzing architecture 'STRUCTURE' of entity 'riscv_rocketchip_0_clockcrossingreg_w15' (VHDL-9006)
INFO: analyzing entity 'riscv_RocketChip_0_ClockCrossingReg_w43' (VHDL-1012)
INFO: analyzing architecture 'STRUCTURE' of entity 'riscv_rocketchip_0_clockcrossingreg_w43' (VHDL-9006)
INFO: analyzing entity 'riscv_RocketChip_0_ClockCrossingReg_w55' (VHDL-1012)
INFO: analyzing architecture 'STRUCTURE' of entity 'riscv_rocketchip_0_clockcrossingreg_w55' (VHDL-9006)
INFO: analyzing entity 'riscv_RocketChip_0_CompareRecFN' (VHDL-1012)
INFO: analyzing architecture 'STRUCTURE' of entity 'riscv_rocketchip_0_comparerecfn' (VHDL-9006)
INFO: analyzing entity 'riscv_RocketChip_0_DivSqrtRawFN_small' (VHDL-1012)
INFO: analyzing architecture 'STRUCTURE' of entity 'riscv_rocketchip_0_divsqrtrawfn_small' (VHDL-9006)
INFO: analyzing entity 'riscv_RocketChip_0_DivSqrtRawFN_small_1' (VHDL-1012)
INFO: analyzing architecture 'STRUCTURE' of entity 'riscv_rocketchip_0_divsqrtrawfn_small_1' (VHDL-9006)
INFO: analyzing entity 'riscv_RocketChip_0_HellaCacheArbiter' (VHDL-1012)
INFO: analyzing architecture 'STRUCTURE' of entity 'riscv_rocketchip_0_hellacachearbiter' (VHDL-9006)
INFO: analyzing entity 'riscv_RocketChip_0_IBuf' (VHDL-1012)
INFO: analyzing architecture 'STRUCTURE' of entity 'riscv_rocketchip_0_ibuf' (VHDL-9006)
INFO: analyzing entity 'riscv_RocketChip_0_LevelGateway' (VHDL-1012)
INFO: analyzing architecture 'STRUCTURE' of entity 'riscv_rocketchip_0_levelgateway' (VHDL-9006)
INFO: analyzing entity 'riscv_RocketChip_0_LevelGateway_68' (VHDL-1012)
INFO: analyzing architecture 'STRUCTURE' of entity 'riscv_rocketchip_0_levelgateway_68' (VHDL-9006)
INFO: analyzing entity 'riscv_RocketChip_0_LevelGateway_69' (VHDL-1012)
INFO: analyzing architecture 'STRUCTURE' of entity 'riscv_rocketchip_0_levelgateway_69' (VHDL-9006)
INFO: analyzing entity 'riscv_RocketChip_0_LevelGateway_70' (VHDL-1012)
INFO: analyzing architecture 'STRUCTURE' of entity 'riscv_rocketchip_0_levelgateway_70' (VHDL-9006)
INFO: analyzing entity 'riscv_RocketChip_0_LevelGateway_71' (VHDL-1012)
INFO: analyzing architecture 'STRUCTURE' of entity 'riscv_rocketchip_0_levelgateway_71' (VHDL-9006)
INFO: analyzing entity 'riscv_RocketChip_0_LevelGateway_72' (VHDL-1012)
INFO: analyzing architecture 'STRUCTURE' of entity 'riscv_rocketchip_0_levelgateway_72' (VHDL-9006)
INFO: analyzing entity 'riscv_RocketChip_0_LevelGateway_73' (VHDL-1012)
INFO: analyzing architecture 'STRUCTURE' of entity 'riscv_rocketchip_0_levelgateway_73' (VHDL-9006)
INFO: analyzing entity 'riscv_RocketChip_0_LevelGateway_74' (VHDL-1012)
INFO: analyzing architecture 'STRUCTURE' of entity 'riscv_rocketchip_0_levelgateway_74' (VHDL-9006)
INFO: analyzing entity 'riscv_RocketChip_0_MaxPeriodFibonacciLFSR' (VHDL-1012)
INFO: analyzing architecture 'STRUCTURE' of entity 'riscv_rocketchip_0_maxperiodfibonaccilfsr' (VHDL-9006)
INFO: analyzing entity 'riscv_RocketChip_0_MaxPeriodFibonacciLFSR_7' (VHDL-1012)
INFO: analyzing architecture 'STRUCTURE' of entity 'riscv_rocketchip_0_maxperiodfibonaccilfsr_7' (VHDL-9006)
INFO: analyzing entity 'riscv_RocketChip_0_MulAddRecFNToRaw_postMul' (VHDL-1012)
INFO: analyzing architecture 'STRUCTURE' of entity 'riscv_rocketchip_0_muladdrecfntoraw_postmul' (VHDL-9006)
INFO: analyzing entity 'riscv_RocketChip_0_MulAddRecFNToRaw_postMul_1' (VHDL-1012)
INFO: analyzing architecture 'STRUCTURE' of entity 'riscv_rocketchip_0_muladdrecfntoraw_postmul_1' (VHDL-9006)
INFO: analyzing entity 'riscv_RocketChip_0_MulAddRecFNToRaw_preMul' (VHDL-1012)
INFO: analyzing architecture 'STRUCTURE' of entity 'riscv_rocketchip_0_muladdrecfntoraw_premul' (VHDL-9006)
INFO: analyzing entity 'riscv_RocketChip_0_MulAddRecFNToRaw_preMul_1' (VHDL-1012)
INFO: analyzing architecture 'STRUCTURE' of entity 'riscv_rocketchip_0_muladdrecfntoraw_premul_1' (VHDL-9006)
INFO: analyzing entity 'riscv_RocketChip_0_MulDiv' (VHDL-1012)
INFO: analyzing architecture 'STRUCTURE' of entity 'riscv_rocketchip_0_muldiv' (VHDL-9006)
INFO: analyzing entity 'riscv_RocketChip_0_NonSyncResetSynchronizerPrimitiveShiftReg_d3' (VHDL-1012)
INFO: analyzing architecture 'STRUCTURE' of entity 'riscv_rocketchip_0_nonsyncresetsynchronizerprimitiveshiftreg_d3' (VHDL-9006)
INFO: analyzing entity 'riscv_RocketChip_0_NonSyncResetSynchronizerPrimitiveShiftReg_d3_76' (VHDL-1012)
INFO: analyzing architecture 'STRUCTURE' of entity 'riscv_rocketchip_0_nonsyncresetsynchronizerprimitiveshiftreg_d3_76' (VHDL-9006)
INFO: analyzing entity 'riscv_RocketChip_0_NonSyncResetSynchronizerPrimitiveShiftReg_d3_77' (VHDL-1012)
INFO: analyzing architecture 'STRUCTURE' of entity 'riscv_rocketchip_0_nonsyncresetsynchronizerprimitiveshiftreg_d3_77' (VHDL-9006)
INFO: analyzing entity 'riscv_RocketChip_0_NonSyncResetSynchronizerPrimitiveShiftReg_d3_78' (VHDL-1012)
INFO: analyzing architecture 'STRUCTURE' of entity 'riscv_rocketchip_0_nonsyncresetsynchronizerprimitiveshiftreg_d3_78' (VHDL-9006)
INFO: analyzing entity 'riscv_RocketChip_0_NonSyncResetSynchronizerPrimitiveShiftReg_d3_79' (VHDL-1012)
INFO: analyzing architecture 'STRUCTURE' of entity 'riscv_rocketchip_0_nonsyncresetsynchronizerprimitiveshiftreg_d3_79' (VHDL-9006)
INFO: analyzing entity 'riscv_RocketChip_0_NonSyncResetSynchronizerPrimitiveShiftReg_d3_80' (VHDL-1012)
INFO: analyzing architecture 'STRUCTURE' of entity 'riscv_rocketchip_0_nonsyncresetsynchronizerprimitiveshiftreg_d3_80' (VHDL-9006)
INFO: analyzing entity 'riscv_RocketChip_0_NonSyncResetSynchronizerPrimitiveShiftReg_d3_81' (VHDL-1012)
INFO: analyzing architecture 'STRUCTURE' of entity 'riscv_rocketchip_0_nonsyncresetsynchronizerprimitiveshiftreg_d3_81' (VHDL-9006)
INFO: analyzing entity 'riscv_RocketChip_0_NonSyncResetSynchronizerPrimitiveShiftReg_d3_82' (VHDL-1012)
INFO: analyzing architecture 'STRUCTURE' of entity 'riscv_rocketchip_0_nonsyncresetsynchronizerprimitiveshiftreg_d3_82' (VHDL-9006)
INFO: analyzing entity 'riscv_RocketChip_0_NonSyncResetSynchronizerPrimitiveShiftReg_d3_83' (VHDL-1012)
INFO: analyzing architecture 'STRUCTURE' of entity 'riscv_rocketchip_0_nonsyncresetsynchronizerprimitiveshiftreg_d3_83' (VHDL-9006)
INFO: analyzing entity 'riscv_RocketChip_0_PTW' (VHDL-1012)
INFO: analyzing architecture 'STRUCTURE' of entity 'riscv_rocketchip_0_ptw' (VHDL-9006)
INFO: analyzing entity 'riscv_RocketChip_0_Queue' (VHDL-1012)
INFO: analyzing architecture 'STRUCTURE' of entity 'riscv_rocketchip_0_queue' (VHDL-9006)
INFO: analyzing entity 'riscv_RocketChip_0_QueueCompatibility' (VHDL-1012)
INFO: analyzing architecture 'STRUCTURE' of entity 'riscv_rocketchip_0_queuecompatibility' (VHDL-9006)
INFO: analyzing entity 'riscv_RocketChip_0_QueueCompatibility_10' (VHDL-1012)
INFO: analyzing architecture 'STRUCTURE' of entity 'riscv_rocketchip_0_queuecompatibility_10' (VHDL-9006)
INFO: analyzing entity 'riscv_RocketChip_0_QueueCompatibility_11' (VHDL-1012)
INFO: analyzing architecture 'STRUCTURE' of entity 'riscv_rocketchip_0_queuecompatibility_11' (VHDL-9006)
INFO: analyzing entity 'riscv_RocketChip_0_QueueCompatibility_12' (VHDL-1012)
INFO: analyzing architecture 'STRUCTURE' of entity 'riscv_rocketchip_0_queuecompatibility_12' (VHDL-9006)
INFO: analyzing entity 'riscv_RocketChip_0_QueueCompatibility_12_61' (VHDL-1012)
INFO: analyzing architecture 'STRUCTURE' of entity 'riscv_rocketchip_0_queuecompatibility_12_61' (VHDL-9006)
INFO: analyzing entity 'riscv_RocketChip_0_QueueCompatibility_12_62' (VHDL-1012)
INFO: analyzing architecture 'STRUCTURE' of entity 'riscv_rocketchip_0_queuecompatibility_12_62' (VHDL-9006)
INFO: analyzing entity 'riscv_RocketChip_0_QueueCompatibility_12_63' (VHDL-1012)
INFO: analyzing architecture 'STRUCTURE' of entity 'riscv_rocketchip_0_queuecompatibility_12_63' (VHDL-9006)
INFO: analyzing entity 'riscv_RocketChip_0_QueueCompatibility_13' (VHDL-1012)
INFO: analyzing architecture 'STRUCTURE' of entity 'riscv_rocketchip_0_queuecompatibility_13' (VHDL-9006)
INFO: analyzing entity 'riscv_RocketChip_0_QueueCompatibility_14' (VHDL-1012)
INFO: analyzing architecture 'STRUCTURE' of entity 'riscv_rocketchip_0_queuecompatibility_14' (VHDL-9006)
INFO: analyzing entity 'riscv_RocketChip_0_QueueCompatibility_15' (VHDL-1012)
INFO: analyzing architecture 'STRUCTURE' of entity 'riscv_rocketchip_0_queuecompatibility_15' (VHDL-9006)
INFO: analyzing entity 'riscv_RocketChip_0_QueueCompatibility_16' (VHDL-1012)
INFO: analyzing architecture 'STRUCTURE' of entity 'riscv_rocketchip_0_queuecompatibility_16' (VHDL-9006)
INFO: analyzing entity 'riscv_RocketChip_0_QueueCompatibility_16_26' (VHDL-1012)
INFO: analyzing architecture 'STRUCTURE' of entity 'riscv_rocketchip_0_queuecompatibility_16_26' (VHDL-9006)
INFO: analyzing entity 'riscv_RocketChip_0_QueueCompatibility_16_27' (VHDL-1012)
INFO: analyzing architecture 'STRUCTURE' of entity 'riscv_rocketchip_0_queuecompatibility_16_27' (VHDL-9006)
INFO: analyzing entity 'riscv_RocketChip_0_QueueCompatibility_16_28' (VHDL-1012)
INFO: analyzing architecture 'STRUCTURE' of entity 'riscv_rocketchip_0_queuecompatibility_16_28' (VHDL-9006)
INFO: analyzing entity 'riscv_RocketChip_0_QueueCompatibility_16_29' (VHDL-1012)
INFO: analyzing architecture 'STRUCTURE' of entity 'riscv_rocketchip_0_queuecompatibility_16_29' (VHDL-9006)
INFO: analyzing entity 'riscv_RocketChip_0_QueueCompatibility_16_30' (VHDL-1012)
INFO: analyzing architecture 'STRUCTURE' of entity 'riscv_rocketchip_0_queuecompatibility_16_30' (VHDL-9006)
INFO: analyzing entity 'riscv_RocketChip_0_QueueCompatibility_16_31' (VHDL-1012)
INFO: analyzing architecture 'STRUCTURE' of entity 'riscv_rocketchip_0_queuecompatibility_16_31' (VHDL-9006)
INFO: analyzing entity 'riscv_RocketChip_0_QueueCompatibility_16_32' (VHDL-1012)
INFO: analyzing architecture 'STRUCTURE' of entity 'riscv_rocketchip_0_queuecompatibility_16_32' (VHDL-9006)
INFO: analyzing entity 'riscv_RocketChip_0_QueueCompatibility_16_33' (VHDL-1012)
INFO: analyzing architecture 'STRUCTURE' of entity 'riscv_rocketchip_0_queuecompatibility_16_33' (VHDL-9006)
INFO: analyzing entity 'riscv_RocketChip_0_QueueCompatibility_16_34' (VHDL-1012)
INFO: analyzing architecture 'STRUCTURE' of entity 'riscv_rocketchip_0_queuecompatibility_16_34' (VHDL-9006)
INFO: analyzing entity 'riscv_RocketChip_0_QueueCompatibility_16_35' (VHDL-1012)
INFO: analyzing architecture 'STRUCTURE' of entity 'riscv_rocketchip_0_queuecompatibility_16_35' (VHDL-9006)
INFO: analyzing entity 'riscv_RocketChip_0_QueueCompatibility_16_36' (VHDL-1012)
INFO: analyzing architecture 'STRUCTURE' of entity 'riscv_rocketchip_0_queuecompatibility_16_36' (VHDL-9006)
INFO: analyzing entity 'riscv_RocketChip_0_QueueCompatibility_16_37' (VHDL-1012)
INFO: analyzing architecture 'STRUCTURE' of entity 'riscv_rocketchip_0_queuecompatibility_16_37' (VHDL-9006)
INFO: analyzing entity 'riscv_RocketChip_0_QueueCompatibility_16_38' (VHDL-1012)
INFO: analyzing architecture 'STRUCTURE' of entity 'riscv_rocketchip_0_queuecompatibility_16_38' (VHDL-9006)
INFO: analyzing entity 'riscv_RocketChip_0_QueueCompatibility_16_39' (VHDL-1012)
INFO: analyzing architecture 'STRUCTURE' of entity 'riscv_rocketchip_0_queuecompatibility_16_39' (VHDL-9006)
INFO: analyzing entity 'riscv_RocketChip_0_QueueCompatibility_16_40' (VHDL-1012)
INFO: analyzing architecture 'STRUCTURE' of entity 'riscv_rocketchip_0_queuecompatibility_16_40' (VHDL-9006)
INFO: analyzing entity 'riscv_RocketChip_0_QueueCompatibility_16_41' (VHDL-1012)
INFO: analyzing architecture 'STRUCTURE' of entity 'riscv_rocketchip_0_queuecompatibility_16_41' (VHDL-9006)
INFO: analyzing entity 'riscv_RocketChip_0_QueueCompatibility_16_42' (VHDL-1012)
INFO: analyzing architecture 'STRUCTURE' of entity 'riscv_rocketchip_0_queuecompatibility_16_42' (VHDL-9006)
INFO: analyzing entity 'riscv_RocketChip_0_QueueCompatibility_16_43' (VHDL-1012)
INFO: analyzing architecture 'STRUCTURE' of entity 'riscv_rocketchip_0_queuecompatibility_16_43' (VHDL-9006)
INFO: analyzing entity 'riscv_RocketChip_0_QueueCompatibility_16_44' (VHDL-1012)
INFO: analyzing architecture 'STRUCTURE' of entity 'riscv_rocketchip_0_queuecompatibility_16_44' (VHDL-9006)
INFO: analyzing entity 'riscv_RocketChip_0_QueueCompatibility_16_45' (VHDL-1012)
INFO: analyzing architecture 'STRUCTURE' of entity 'riscv_rocketchip_0_queuecompatibility_16_45' (VHDL-9006)
INFO: analyzing entity 'riscv_RocketChip_0_QueueCompatibility_16_46' (VHDL-1012)
INFO: analyzing architecture 'STRUCTURE' of entity 'riscv_rocketchip_0_queuecompatibility_16_46' (VHDL-9006)
INFO: analyzing entity 'riscv_RocketChip_0_QueueCompatibility_16_47' (VHDL-1012)
INFO: analyzing architecture 'STRUCTURE' of entity 'riscv_rocketchip_0_queuecompatibility_16_47' (VHDL-9006)
INFO: analyzing entity 'riscv_RocketChip_0_QueueCompatibility_16_48' (VHDL-1012)
INFO: analyzing architecture 'STRUCTURE' of entity 'riscv_rocketchip_0_queuecompatibility_16_48' (VHDL-9006)
INFO: analyzing entity 'riscv_RocketChip_0_QueueCompatibility_16_49' (VHDL-1012)
INFO: analyzing architecture 'STRUCTURE' of entity 'riscv_rocketchip_0_queuecompatibility_16_49' (VHDL-9006)
INFO: analyzing entity 'riscv_RocketChip_0_QueueCompatibility_16_50' (VHDL-1012)
INFO: analyzing architecture 'STRUCTURE' of entity 'riscv_rocketchip_0_queuecompatibility_16_50' (VHDL-9006)
INFO: analyzing entity 'riscv_RocketChip_0_QueueCompatibility_16_51' (VHDL-1012)
INFO: analyzing architecture 'STRUCTURE' of entity 'riscv_rocketchip_0_queuecompatibility_16_51' (VHDL-9006)
INFO: analyzing entity 'riscv_RocketChip_0_QueueCompatibility_16_52' (VHDL-1012)
INFO: analyzing architecture 'STRUCTURE' of entity 'riscv_rocketchip_0_queuecompatibility_16_52' (VHDL-9006)
INFO: analyzing entity 'riscv_RocketChip_0_QueueCompatibility_16_53' (VHDL-1012)
INFO: analyzing architecture 'STRUCTURE' of entity 'riscv_rocketchip_0_queuecompatibility_16_53' (VHDL-9006)
INFO: analyzing entity 'riscv_RocketChip_0_QueueCompatibility_16_54' (VHDL-1012)
INFO: analyzing architecture 'STRUCTURE' of entity 'riscv_rocketchip_0_queuecompatibility_16_54' (VHDL-9006)
INFO: analyzing entity 'riscv_RocketChip_0_QueueCompatibility_16_55' (VHDL-1012)
INFO: analyzing architecture 'STRUCTURE' of entity 'riscv_rocketchip_0_queuecompatibility_16_55' (VHDL-9006)
INFO: analyzing entity 'riscv_RocketChip_0_QueueCompatibility_16_56' (VHDL-1012)
INFO: analyzing architecture 'STRUCTURE' of entity 'riscv_rocketchip_0_queuecompatibility_16_56' (VHDL-9006)
INFO: analyzing entity 'riscv_RocketChip_0_QueueCompatibility_16_57' (VHDL-1012)
INFO: analyzing architecture 'STRUCTURE' of entity 'riscv_rocketchip_0_queuecompatibility_16_57' (VHDL-9006)
INFO: analyzing entity 'riscv_RocketChip_0_QueueCompatibility_2' (VHDL-1012)
INFO: analyzing architecture 'STRUCTURE' of entity 'riscv_rocketchip_0_queuecompatibility_2' (VHDL-9006)
INFO: analyzing entity 'riscv_RocketChip_0_QueueCompatibility_2_12' (VHDL-1012)
INFO: analyzing architecture 'STRUCTURE' of entity 'riscv_rocketchip_0_queuecompatibility_2_12' (VHDL-9006)
INFO: analyzing entity 'riscv_RocketChip_0_QueueCompatibility_2_17' (VHDL-1012)
INFO: analyzing architecture 'STRUCTURE' of entity 'riscv_rocketchip_0_queuecompatibility_2_17' (VHDL-9006)
INFO: analyzing entity 'riscv_RocketChip_0_QueueCompatibility_2_18' (VHDL-1012)
INFO: analyzing architecture 'STRUCTURE' of entity 'riscv_rocketchip_0_queuecompatibility_2_18' (VHDL-9006)
INFO: analyzing entity 'riscv_RocketChip_0_QueueCompatibility_9' (VHDL-1012)
INFO: analyzing architecture 'STRUCTURE' of entity 'riscv_rocketchip_0_queuecompatibility_9' (VHDL-9006)
INFO: analyzing entity 'riscv_RocketChip_0_Queue_1' (VHDL-1012)
INFO: analyzing architecture 'STRUCTURE' of entity 'riscv_rocketchip_0_queue_1' (VHDL-9006)
INFO: analyzing entity 'riscv_RocketChip_0_Queue_11' (VHDL-1012)
INFO: analyzing architecture 'STRUCTURE' of entity 'riscv_rocketchip_0_queue_11' (VHDL-9006)
INFO: analyzing entity 'riscv_RocketChip_0_Queue_11_25' (VHDL-1012)
INFO: analyzing architecture 'STRUCTURE' of entity 'riscv_rocketchip_0_queue_11_25' (VHDL-9006)
INFO: analyzing entity 'riscv_RocketChip_0_Queue_11_65' (VHDL-1012)
INFO: analyzing architecture 'STRUCTURE' of entity 'riscv_rocketchip_0_queue_11_65' (VHDL-9006)
INFO: analyzing entity 'riscv_RocketChip_0_Queue_12' (VHDL-1012)
INFO: analyzing architecture 'STRUCTURE' of entity 'riscv_rocketchip_0_queue_12' (VHDL-9006)
INFO: analyzing entity 'riscv_RocketChip_0_Queue_13' (VHDL-1012)
INFO: analyzing architecture 'STRUCTURE' of entity 'riscv_rocketchip_0_queue_13' (VHDL-9006)
INFO: analyzing entity 'riscv_RocketChip_0_Queue_14' (VHDL-1012)
INFO: analyzing architecture 'STRUCTURE' of entity 'riscv_rocketchip_0_queue_14' (VHDL-9006)
INFO: analyzing entity 'riscv_RocketChip_0_Queue_15' (VHDL-1012)
INFO: analyzing architecture 'STRUCTURE' of entity 'riscv_rocketchip_0_queue_15' (VHDL-9006)
INFO: analyzing entity 'riscv_RocketChip_0_Queue_16' (VHDL-1012)
INFO: analyzing architecture 'STRUCTURE' of entity 'riscv_rocketchip_0_queue_16' (VHDL-9006)
INFO: analyzing entity 'riscv_RocketChip_0_Queue_17' (VHDL-1012)
INFO: analyzing architecture 'STRUCTURE' of entity 'riscv_rocketchip_0_queue_17' (VHDL-9006)
INFO: analyzing entity 'riscv_RocketChip_0_Queue_18' (VHDL-1012)
INFO: analyzing architecture 'STRUCTURE' of entity 'riscv_rocketchip_0_queue_18' (VHDL-9006)
INFO: analyzing entity 'riscv_RocketChip_0_Queue_19' (VHDL-1012)
INFO: analyzing architecture 'STRUCTURE' of entity 'riscv_rocketchip_0_queue_19' (VHDL-9006)
INFO: analyzing entity 'riscv_RocketChip_0_Queue_19_64' (VHDL-1012)
INFO: analyzing architecture 'STRUCTURE' of entity 'riscv_rocketchip_0_queue_19_64' (VHDL-9006)
INFO: analyzing entity 'riscv_RocketChip_0_Queue_2' (VHDL-1012)
INFO: analyzing architecture 'STRUCTURE' of entity 'riscv_rocketchip_0_queue_2' (VHDL-9006)
INFO: analyzing entity 'riscv_RocketChip_0_Queue_22' (VHDL-1012)
INFO: analyzing architecture 'STRUCTURE' of entity 'riscv_rocketchip_0_queue_22' (VHDL-9006)
INFO: analyzing entity 'riscv_RocketChip_0_Queue_23' (VHDL-1012)
INFO: analyzing architecture 'STRUCTURE' of entity 'riscv_rocketchip_0_queue_23' (VHDL-9006)
INFO: analyzing entity 'riscv_RocketChip_0_Queue_23_67' (VHDL-1012)
INFO: analyzing architecture 'STRUCTURE' of entity 'riscv_rocketchip_0_queue_23_67' (VHDL-9006)
INFO: analyzing entity 'riscv_RocketChip_0_Queue_24' (VHDL-1012)
INFO: analyzing architecture 'STRUCTURE' of entity 'riscv_rocketchip_0_queue_24' (VHDL-9006)
INFO: analyzing entity 'riscv_RocketChip_0_Queue_24_66' (VHDL-1012)
INFO: analyzing architecture 'STRUCTURE' of entity 'riscv_rocketchip_0_queue_24_66' (VHDL-9006)
INFO: analyzing entity 'riscv_RocketChip_0_Queue_25' (VHDL-1012)
INFO: analyzing architecture 'STRUCTURE' of entity 'riscv_rocketchip_0_queue_25' (VHDL-9006)
INFO: analyzing entity 'riscv_RocketChip_0_Queue_28' (VHDL-1012)
INFO: analyzing architecture 'STRUCTURE' of entity 'riscv_rocketchip_0_queue_28' (VHDL-9006)
INFO: analyzing entity 'riscv_RocketChip_0_Queue_29' (VHDL-1012)
INFO: analyzing architecture 'STRUCTURE' of entity 'riscv_rocketchip_0_queue_29' (VHDL-9006)
INFO: analyzing entity 'riscv_RocketChip_0_Queue_29_58' (VHDL-1012)
INFO: analyzing architecture 'STRUCTURE' of entity 'riscv_rocketchip_0_queue_29_58' (VHDL-9006)
INFO: analyzing entity 'riscv_RocketChip_0_Queue_29_59' (VHDL-1012)
INFO: analyzing architecture 'STRUCTURE' of entity 'riscv_rocketchip_0_queue_29_59' (VHDL-9006)
INFO: analyzing entity 'riscv_RocketChip_0_Queue_29_60' (VHDL-1012)
INFO: analyzing architecture 'STRUCTURE' of entity 'riscv_rocketchip_0_queue_29_60' (VHDL-9006)
INFO: analyzing entity 'riscv_RocketChip_0_Queue_33' (VHDL-1012)
INFO: analyzing architecture 'STRUCTURE' of entity 'riscv_rocketchip_0_queue_33' (VHDL-9006)
INFO: analyzing entity 'riscv_RocketChip_0_Queue_34' (VHDL-1012)
INFO: analyzing architecture 'STRUCTURE' of entity 'riscv_rocketchip_0_queue_34' (VHDL-9006)
INFO: analyzing entity 'riscv_RocketChip_0_Queue_35' (VHDL-1012)
INFO: analyzing architecture 'STRUCTURE' of entity 'riscv_rocketchip_0_queue_35' (VHDL-9006)
INFO: analyzing entity 'riscv_RocketChip_0_Queue_36' (VHDL-1012)
INFO: analyzing architecture 'STRUCTURE' of entity 'riscv_rocketchip_0_queue_36' (VHDL-9006)
INFO: analyzing entity 'riscv_RocketChip_0_Queue_37' (VHDL-1012)
INFO: analyzing architecture 'STRUCTURE' of entity 'riscv_rocketchip_0_queue_37' (VHDL-9006)
INFO: analyzing entity 'riscv_RocketChip_0_Queue_38' (VHDL-1012)
INFO: analyzing architecture 'STRUCTURE' of entity 'riscv_rocketchip_0_queue_38' (VHDL-9006)
INFO: analyzing entity 'riscv_RocketChip_0_Queue_39' (VHDL-1012)
INFO: analyzing architecture 'STRUCTURE' of entity 'riscv_rocketchip_0_queue_39' (VHDL-9006)
INFO: analyzing entity 'riscv_RocketChip_0_Queue_4' (VHDL-1012)
INFO: analyzing architecture 'STRUCTURE' of entity 'riscv_rocketchip_0_queue_4' (VHDL-9006)
INFO: analyzing entity 'riscv_RocketChip_0_Queue_5' (VHDL-1012)
INFO: analyzing architecture 'STRUCTURE' of entity 'riscv_rocketchip_0_queue_5' (VHDL-9006)
INFO: analyzing entity 'riscv_RocketChip_0_Queue_5_19' (VHDL-1012)
INFO: analyzing architecture 'STRUCTURE' of entity 'riscv_rocketchip_0_queue_5_19' (VHDL-9006)
INFO: analyzing entity 'riscv_RocketChip_0_Queue_5_20' (VHDL-1012)
INFO: analyzing architecture 'STRUCTURE' of entity 'riscv_rocketchip_0_queue_5_20' (VHDL-9006)
INFO: analyzing entity 'riscv_RocketChip_0_Queue_5_21' (VHDL-1012)
INFO: analyzing architecture 'STRUCTURE' of entity 'riscv_rocketchip_0_queue_5_21' (VHDL-9006)
INFO: analyzing entity 'riscv_RocketChip_0_Queue_5_22' (VHDL-1012)
INFO: analyzing architecture 'STRUCTURE' of entity 'riscv_rocketchip_0_queue_5_22' (VHDL-9006)
INFO: analyzing entity 'riscv_RocketChip_0_Queue_5_23' (VHDL-1012)
INFO: analyzing architecture 'STRUCTURE' of entity 'riscv_rocketchip_0_queue_5_23' (VHDL-9006)
INFO: analyzing entity 'riscv_RocketChip_0_RecFNToIN' (VHDL-1012)
INFO: analyzing architecture 'STRUCTURE' of entity 'riscv_rocketchip_0_recfntoin' (VHDL-9006)
INFO: analyzing entity 'riscv_RocketChip_0_Repeater' (VHDL-1012)
INFO: analyzing architecture 'STRUCTURE' of entity 'riscv_rocketchip_0_repeater' (VHDL-9006)
INFO: analyzing entity 'riscv_RocketChip_0_Repeater_1' (VHDL-1012)
INFO: analyzing architecture 'STRUCTURE' of entity 'riscv_rocketchip_0_repeater_1' (VHDL-9006)
INFO: analyzing entity 'riscv_RocketChip_0_Repeater_2' (VHDL-1012)
INFO: analyzing architecture 'STRUCTURE' of entity 'riscv_rocketchip_0_repeater_2' (VHDL-9006)
INFO: analyzing entity 'riscv_RocketChip_0_Repeater_3' (VHDL-1012)
INFO: analyzing architecture 'STRUCTURE' of entity 'riscv_rocketchip_0_repeater_3' (VHDL-9006)
INFO: analyzing entity 'riscv_RocketChip_0_Repeater_4' (VHDL-1012)
INFO: analyzing architecture 'STRUCTURE' of entity 'riscv_rocketchip_0_repeater_4' (VHDL-9006)
INFO: analyzing entity 'riscv_RocketChip_0_RoundAnyRawFNToRecFN' (VHDL-1012)
INFO: analyzing architecture 'STRUCTURE' of entity 'riscv_rocketchip_0_roundanyrawfntorecfn' (VHDL-9006)
INFO: analyzing entity 'riscv_RocketChip_0_RoundAnyRawFNToRecFN_1' (VHDL-1012)
INFO: analyzing architecture 'STRUCTURE' of entity 'riscv_rocketchip_0_roundanyrawfntorecfn_1' (VHDL-9006)
INFO: analyzing entity 'riscv_RocketChip_0_RoundAnyRawFNToRecFN_2' (VHDL-1012)
INFO: analyzing architecture 'STRUCTURE' of entity 'riscv_rocketchip_0_roundanyrawfntorecfn_2' (VHDL-9006)
INFO: analyzing entity 'riscv_RocketChip_0_RoundAnyRawFNToRecFN_3' (VHDL-1012)
INFO: analyzing architecture 'STRUCTURE' of entity 'riscv_rocketchip_0_roundanyrawfntorecfn_3' (VHDL-9006)
INFO: analyzing entity 'riscv_RocketChip_0_RoundAnyRawFNToRecFN_4' (VHDL-1012)
INFO: analyzing architecture 'STRUCTURE' of entity 'riscv_rocketchip_0_roundanyrawfntorecfn_4' (VHDL-9006)
INFO: analyzing entity 'riscv_RocketChip_0_RoundAnyRawFNToRecFN_4_6' (VHDL-1012)
INFO: analyzing architecture 'STRUCTURE' of entity 'riscv_rocketchip_0_roundanyrawfntorecfn_4_6' (VHDL-9006)
INFO: analyzing entity 'riscv_RocketChip_0_RoundAnyRawFNToRecFN_5' (VHDL-1012)
INFO: analyzing architecture 'STRUCTURE' of entity 'riscv_rocketchip_0_roundanyrawfntorecfn_5' (VHDL-9006)
INFO: analyzing entity 'riscv_RocketChip_0_SHA256_CASE' (VHDL-1012)
INFO: analyzing architecture 'STRUCTURE' of entity 'riscv_rocketchip_0_sha256_case' (VHDL-9006)
INFO: analyzing entity 'riscv_RocketChip_0_ShiftQueue' (VHDL-1012)
INFO: analyzing architecture 'STRUCTURE' of entity 'riscv_rocketchip_0_shiftqueue' (VHDL-9006)
INFO: analyzing entity 'riscv_RocketChip_0_SpiCtrl' (VHDL-1012)
INFO: analyzing architecture 'STRUCTURE' of entity 'riscv_rocketchip_0_spictrl' (VHDL-9006)
INFO: analyzing entity 'riscv_RocketChip_0_TLAtomicAutomata_1' (VHDL-1012)
INFO: analyzing architecture 'STRUCTURE' of entity 'riscv_rocketchip_0_tlatomicautomata_1' (VHDL-9006)
INFO: analyzing entity 'riscv_RocketChip_0_TLB_1' (VHDL-1012)
INFO: analyzing architecture 'STRUCTURE' of entity 'riscv_rocketchip_0_tlb_1' (VHDL-9006)
INFO: analyzing entity 'riscv_RocketChip_0_TLBusBypassBar' (VHDL-1012)
INFO: analyzing architecture 'STRUCTURE' of entity 'riscv_rocketchip_0_tlbusbypassbar' (VHDL-9006)
INFO: analyzing entity 'riscv_RocketChip_0_TLDebugModuleOuter' (VHDL-1012)
INFO: analyzing architecture 'STRUCTURE' of entity 'riscv_rocketchip_0_tldebugmoduleouter' (VHDL-9006)
INFO: analyzing entity 'riscv_RocketChip_0_TLError_1' (VHDL-1012)
INFO: analyzing architecture 'STRUCTURE' of entity 'riscv_rocketchip_0_tlerror_1' (VHDL-9006)
INFO: analyzing entity 'riscv_RocketChip_0_TLFIFOFixer' (VHDL-1012)
INFO: analyzing architecture 'STRUCTURE' of entity 'riscv_rocketchip_0_tlfifofixer' (VHDL-9006)
INFO: analyzing entity 'riscv_RocketChip_0_TLFIFOFixer_2' (VHDL-1012)
INFO: analyzing architecture 'STRUCTURE' of entity 'riscv_rocketchip_0_tlfifofixer_2' (VHDL-9006)
INFO: analyzing entity 'riscv_RocketChip_0_TLFIFOFixer_3' (VHDL-1012)
INFO: analyzing architecture 'STRUCTURE' of entity 'riscv_rocketchip_0_tlfifofixer_3' (VHDL-9006)
INFO: analyzing entity 'riscv_RocketChip_0_TLROM' (VHDL-1012)
INFO: analyzing architecture 'STRUCTURE' of entity 'riscv_rocketchip_0_tlrom' (VHDL-9006)
INFO: analyzing entity 'riscv_RocketChip_0_TLXbar' (VHDL-1012)
INFO: analyzing architecture 'STRUCTURE' of entity 'riscv_rocketchip_0_tlxbar' (VHDL-9006)
INFO: analyzing entity 'riscv_RocketChip_0_TLXbar_3' (VHDL-1012)
INFO: analyzing architecture 'STRUCTURE' of entity 'riscv_rocketchip_0_tlxbar_3' (VHDL-9006)
INFO: analyzing entity 'riscv_RocketChip_0_TLXbar_5' (VHDL-1012)
INFO: analyzing architecture 'STRUCTURE' of entity 'riscv_rocketchip_0_tlxbar_5' (VHDL-9006)
INFO: analyzing entity 'riscv_RocketChip_0_TLXbar_7' (VHDL-1012)
INFO: analyzing architecture 'STRUCTURE' of entity 'riscv_rocketchip_0_tlxbar_7' (VHDL-9006)
INFO: analyzing entity 'riscv_RocketChip_0_TLXbar_9' (VHDL-1012)
INFO: analyzing architecture 'STRUCTURE' of entity 'riscv_rocketchip_0_tlxbar_9' (VHDL-9006)
INFO: analyzing entity 'riscv_RocketChip_0_data_arrays_0_0_ext' (VHDL-1012)
INFO: analyzing architecture 'STRUCTURE' of entity 'riscv_rocketchip_0_data_arrays_0_0_ext' (VHDL-9006)
INFO: analyzing entity 'riscv_RocketChip_0_data_arrays_0_0_ext_2' (VHDL-1012)
INFO: analyzing architecture 'STRUCTURE' of entity 'riscv_rocketchip_0_data_arrays_0_0_ext_2' (VHDL-9006)
INFO: analyzing entity 'riscv_RocketChip_0_data_arrays_0_ext' (VHDL-1012)
INFO: analyzing architecture 'STRUCTURE' of entity 'riscv_rocketchip_0_data_arrays_0_ext' (VHDL-9006)
INFO: analyzing entity 'riscv_RocketChip_0_delay_ms' (VHDL-1012)
INFO: analyzing architecture 'STRUCTURE' of entity 'riscv_rocketchip_0_delay_ms' (VHDL-9006)
INFO: analyzing entity 'riscv_RocketChip_0_mod' (VHDL-1012)
INFO: analyzing architecture 'STRUCTURE' of entity 'riscv_rocketchip_0_mod' (VHDL-9006)
INFO: analyzing entity 'riscv_RocketChip_0_mod_8' (VHDL-1012)
INFO: analyzing architecture 'STRUCTURE' of entity 'riscv_rocketchip_0_mod_8' (VHDL-9006)
INFO: analyzing entity 'riscv_RocketChip_0_synchronizer' (VHDL-1012)
INFO: analyzing architecture 'STRUCTURE' of entity 'riscv_rocketchip_0_synchronizer' (VHDL-9006)
INFO: analyzing entity 'riscv_RocketChip_0_synchronizer_111' (VHDL-1012)
INFO: analyzing architecture 'STRUCTURE' of entity 'riscv_rocketchip_0_synchronizer_111' (VHDL-9006)
INFO: analyzing entity 'riscv_RocketChip_0_synchronizer_112' (VHDL-1012)
INFO: analyzing architecture 'STRUCTURE' of entity 'riscv_rocketchip_0_synchronizer_112' (VHDL-9006)
INFO: analyzing entity 'riscv_RocketChip_0_synchronizer_113' (VHDL-1012)
INFO: analyzing architecture 'STRUCTURE' of entity 'riscv_rocketchip_0_synchronizer_113' (VHDL-9006)
INFO: analyzing entity 'riscv_RocketChip_0_tag_array_0_ext' (VHDL-1012)
INFO: analyzing architecture 'STRUCTURE' of entity 'riscv_rocketchip_0_tag_array_0_ext' (VHDL-9006)
INFO: analyzing entity 'riscv_RocketChip_0_tag_array_ext' (VHDL-1012)
INFO: analyzing architecture 'STRUCTURE' of entity 'riscv_rocketchip_0_tag_array_ext' (VHDL-9006)
INFO: analyzing entity 'riscv_RocketChip_0_blk_mem_gen_prim_wrapper' (VHDL-1012)
INFO: analyzing architecture 'STRUCTURE' of entity 'riscv_rocketchip_0_blk_mem_gen_prim_wrapper' (VHDL-9006)
INFO: analyzing entity 'riscv_RocketChip_0_blk_mem_gen_prim_wrapper_init' (VHDL-1012)
INFO: analyzing architecture 'STRUCTURE' of entity 'riscv_rocketchip_0_blk_mem_gen_prim_wrapper_init' (VHDL-9006)
INFO: analyzing entity '\riscv_RocketChip_0_blk_mem_gen_prim_wrapper_init__parameterized0\' (VHDL-1012)
INFO: analyzing architecture 'STRUCTURE' of entity '\riscv_RocketChip_0_blk_mem_gen_prim_wrapper_init__parameterized0\' (VHDL-9006)
INFO: analyzing entity 'riscv_RocketChip_0_AXI4Buffer' (VHDL-1012)
INFO: analyzing architecture 'STRUCTURE' of entity 'riscv_rocketchip_0_axi4buffer' (VHDL-9006)
INFO: analyzing entity 'riscv_RocketChip_0_AXI4Deinterleaver' (VHDL-1012)
INFO: analyzing architecture 'STRUCTURE' of entity 'riscv_rocketchip_0_axi4deinterleaver' (VHDL-9006)
INFO: analyzing entity 'riscv_RocketChip_0_AXI4Fragmenter' (VHDL-1012)
INFO: analyzing architecture 'STRUCTURE' of entity 'riscv_rocketchip_0_axi4fragmenter' (VHDL-9006)
INFO: analyzing entity 'riscv_RocketChip_0_AXI4ToTL' (VHDL-1012)
INFO: analyzing architecture 'STRUCTURE' of entity 'riscv_rocketchip_0_axi4totl' (VHDL-9006)
INFO: analyzing entity 'riscv_RocketChip_0_AXI4UserYanker' (VHDL-1012)
INFO: analyzing architecture 'STRUCTURE' of entity 'riscv_rocketchip_0_axi4useryanker' (VHDL-9006)
INFO: analyzing entity 'riscv_RocketChip_0_AXI4UserYanker_1' (VHDL-1012)
INFO: analyzing architecture 'STRUCTURE' of entity 'riscv_rocketchip_0_axi4useryanker_1' (VHDL-9006)
INFO: analyzing entity 'riscv_RocketChip_0_AXI4UserYanker_2' (VHDL-1012)
INFO: analyzing architecture 'STRUCTURE' of entity 'riscv_rocketchip_0_axi4useryanker_2' (VHDL-9006)
INFO: analyzing entity 'riscv_RocketChip_0_AsyncResetSynchronizerShiftReg_w1_d3_i0' (VHDL-1012)
INFO: analyzing architecture 'STRUCTURE' of entity 'riscv_rocketchip_0_asyncresetsynchronizershiftreg_w1_d3_i0' (VHDL-9006)
INFO: analyzing entity 'riscv_RocketChip_0_AsyncResetSynchronizerShiftReg_w1_d3_i0_1' (VHDL-1012)
INFO: analyzing architecture 'STRUCTURE' of entity 'riscv_rocketchip_0_asyncresetsynchronizershiftreg_w1_d3_i0_1' (VHDL-9006)
INFO: analyzing entity 'riscv_RocketChip_0_AsyncResetSynchronizerShiftReg_w1_d3_i0_100' (VHDL-1012)
INFO: analyzing architecture 'STRUCTURE' of entity 'riscv_rocketchip_0_asyncresetsynchronizershiftreg_w1_d3_i0_100' (VHDL-9006)
INFO: analyzing entity 'riscv_RocketChip_0_AsyncResetSynchronizerShiftReg_w1_d3_i0_109' (VHDL-1012)
INFO: analyzing architecture 'STRUCTURE' of entity 'riscv_rocketchip_0_asyncresetsynchronizershiftreg_w1_d3_i0_109' (VHDL-9006)
INFO: analyzing entity 'riscv_RocketChip_0_AsyncResetSynchronizerShiftReg_w1_d3_i0_1_103' (VHDL-1012)
INFO: analyzing architecture 'STRUCTURE' of entity 'riscv_rocketchip_0_asyncresetsynchronizershiftreg_w1_d3_i0_1_103' (VHDL-9006)
INFO: analyzing entity 'riscv_RocketChip_0_AsyncResetSynchronizerShiftReg_w1_d3_i0_1_105' (VHDL-1012)
INFO: analyzing architecture 'STRUCTURE' of entity 'riscv_rocketchip_0_asyncresetsynchronizershiftreg_w1_d3_i0_1_105' (VHDL-9006)
INFO: analyzing entity 'riscv_RocketChip_0_AsyncResetSynchronizerShiftReg_w1_d3_i0_1_92' (VHDL-1012)
INFO: analyzing architecture 'STRUCTURE' of entity 'riscv_rocketchip_0_asyncresetsynchronizershiftreg_w1_d3_i0_1_92' (VHDL-9006)
INFO: analyzing entity 'riscv_RocketChip_0_AsyncResetSynchronizerShiftReg_w1_d3_i0_1_98' (VHDL-1012)
INFO: analyzing architecture 'STRUCTURE' of entity 'riscv_rocketchip_0_asyncresetsynchronizershiftreg_w1_d3_i0_1_98' (VHDL-9006)
INFO: analyzing entity 'riscv_RocketChip_0_AsyncResetSynchronizerShiftReg_w1_d3_i0_84' (VHDL-1012)
INFO: analyzing architecture 'STRUCTURE' of entity 'riscv_rocketchip_0_asyncresetsynchronizershiftreg_w1_d3_i0_84' (VHDL-9006)
INFO: analyzing entity 'riscv_RocketChip_0_AsyncResetSynchronizerShiftReg_w1_d3_i0_86' (VHDL-1012)
INFO: analyzing architecture 'STRUCTURE' of entity 'riscv_rocketchip_0_asyncresetsynchronizershiftreg_w1_d3_i0_86' (VHDL-9006)
INFO: analyzing entity 'riscv_RocketChip_0_AsyncResetSynchronizerShiftReg_w1_d3_i0_89' (VHDL-1012)
INFO: analyzing architecture 'STRUCTURE' of entity 'riscv_rocketchip_0_asyncresetsynchronizershiftreg_w1_d3_i0_89' (VHDL-9006)
INFO: analyzing entity 'riscv_RocketChip_0_AsyncResetSynchronizerShiftReg_w1_d3_i0_94' (VHDL-1012)
INFO: analyzing architecture 'STRUCTURE' of entity 'riscv_rocketchip_0_asyncresetsynchronizershiftreg_w1_d3_i0_94' (VHDL-9006)
INFO: analyzing entity 'riscv_RocketChip_0_AsyncResetSynchronizerShiftReg_w1_d3_i0_96' (VHDL-1012)
INFO: analyzing architecture 'STRUCTURE' of entity 'riscv_rocketchip_0_asyncresetsynchronizershiftreg_w1_d3_i0_96' (VHDL-9006)
INFO: analyzing entity 'riscv_RocketChip_0_ClockSinkDomain_1' (VHDL-1012)
INFO: analyzing architecture 'STRUCTURE' of entity 'riscv_rocketchip_0_clocksinkdomain_1' (VHDL-9006)
INFO: analyzing entity 'riscv_RocketChip_0_DivSqrtRecFNToRaw_small' (VHDL-1012)
INFO: analyzing architecture 'STRUCTURE' of entity 'riscv_rocketchip_0_divsqrtrecfntoraw_small' (VHDL-9006)
INFO: analyzing entity 'riscv_RocketChip_0_DivSqrtRecFNToRaw_small_1' (VHDL-1012)
INFO: analyzing architecture 'STRUCTURE' of entity 'riscv_rocketchip_0_divsqrtrecfntoraw_small_1' (VHDL-9006)
INFO: analyzing entity 'riscv_RocketChip_0_FPToInt' (VHDL-1012)
INFO: analyzing architecture 'STRUCTURE' of entity 'riscv_rocketchip_0_fptoint' (VHDL-9006)
INFO: analyzing entity 'riscv_RocketChip_0_INToRecFN' (VHDL-1012)
INFO: analyzing architecture 'STRUCTURE' of entity 'riscv_rocketchip_0_intorecfn' (VHDL-9006)
INFO: analyzing entity 'riscv_RocketChip_0_INToRecFN_1' (VHDL-1012)
INFO: analyzing architecture 'STRUCTURE' of entity 'riscv_rocketchip_0_intorecfn_1' (VHDL-9006)
INFO: analyzing entity 'riscv_RocketChip_0_IntSyncCrossingSource_1' (VHDL-1012)
INFO: analyzing architecture 'STRUCTURE' of entity 'riscv_rocketchip_0_intsynccrossingsource_1' (VHDL-9006)
INFO: analyzing entity 'riscv_RocketChip_0_IntSyncCrossingSource_1_0' (VHDL-1012)
INFO: analyzing architecture 'STRUCTURE' of entity 'riscv_rocketchip_0_intsynccrossingsource_1_0' (VHDL-9006)
INFO: analyzing entity 'riscv_RocketChip_0_IntSyncCrossingSource_5' (VHDL-1012)
INFO: analyzing architecture 'STRUCTURE' of entity 'riscv_rocketchip_0_intsynccrossingsource_5' (VHDL-9006)
INFO: analyzing entity 'riscv_RocketChip_0_IntSyncCrossingSource_8' (VHDL-1012)
INFO: analyzing architecture 'STRUCTURE' of entity 'riscv_rocketchip_0_intsynccrossingsource_8' (VHDL-9006)
INFO: analyzing entity 'riscv_RocketChip_0_JtagSeries7' (VHDL-1012)
INFO: analyzing architecture 'STRUCTURE' of entity 'riscv_rocketchip_0_jtagseries7' (VHDL-9006)
INFO: analyzing entity 'riscv_RocketChip_0_RecFNToRecFN' (VHDL-1012)
INFO: analyzing architecture 'STRUCTURE' of entity 'riscv_rocketchip_0_recfntorecfn' (VHDL-9006)
INFO: analyzing entity 'riscv_RocketChip_0_RoundRawFNToRecFN' (VHDL-1012)
INFO: analyzing architecture 'STRUCTURE' of entity 'riscv_rocketchip_0_roundrawfntorecfn' (VHDL-9006)
INFO: analyzing entity 'riscv_RocketChip_0_RoundRawFNToRecFN_1' (VHDL-1012)
INFO: analyzing architecture 'STRUCTURE' of entity 'riscv_rocketchip_0_roundrawfntorecfn_1' (VHDL-9006)
INFO: analyzing entity 'riscv_RocketChip_0_RoundRawFNToRecFN_2' (VHDL-1012)
INFO: analyzing architecture 'STRUCTURE' of entity 'riscv_rocketchip_0_roundrawfntorecfn_2' (VHDL-9006)
INFO: analyzing entity 'riscv_RocketChip_0_RoundRawFNToRecFN_3' (VHDL-1012)
INFO: analyzing architecture 'STRUCTURE' of entity 'riscv_rocketchip_0_roundrawfntorecfn_3' (VHDL-9006)
INFO: analyzing entity 'riscv_RocketChip_0_SBToTL' (VHDL-1012)
INFO: analyzing architecture 'STRUCTURE' of entity 'riscv_rocketchip_0_sbtotl' (VHDL-9006)
INFO: analyzing entity 'riscv_RocketChip_0_SynchronizerShiftReg_w1_d3' (VHDL-1012)
INFO: analyzing architecture 'STRUCTURE' of entity 'riscv_rocketchip_0_synchronizershiftreg_w1_d3' (VHDL-9006)
INFO: analyzing entity 'riscv_RocketChip_0_SynchronizerShiftReg_w8_d3' (VHDL-1012)
INFO: analyzing architecture 'STRUCTURE' of entity 'riscv_rocketchip_0_synchronizershiftreg_w8_d3' (VHDL-9006)
INFO: analyzing entity 'riscv_RocketChip_0_TLBroadcastTracker' (VHDL-1012)
INFO: analyzing architecture 'STRUCTURE' of entity 'riscv_rocketchip_0_tlbroadcasttracker' (VHDL-9006)
INFO: analyzing entity 'riscv_RocketChip_0_TLBroadcastTracker_1' (VHDL-1012)
INFO: analyzing architecture 'STRUCTURE' of entity 'riscv_rocketchip_0_tlbroadcasttracker_1' (VHDL-9006)
INFO: analyzing entity 'riscv_RocketChip_0_TLBroadcastTracker_2' (VHDL-1012)
INFO: analyzing architecture 'STRUCTURE' of entity 'riscv_rocketchip_0_tlbroadcasttracker_2' (VHDL-9006)
INFO: analyzing entity 'riscv_RocketChip_0_TLBroadcastTracker_3' (VHDL-1012)
INFO: analyzing architecture 'STRUCTURE' of entity 'riscv_rocketchip_0_tlbroadcasttracker_3' (VHDL-9006)
INFO: analyzing entity 'riscv_RocketChip_0_TLBuffer_2' (VHDL-1012)
INFO: analyzing architecture 'STRUCTURE' of entity 'riscv_rocketchip_0_tlbuffer_2' (VHDL-9006)
INFO: analyzing entity 'riscv_RocketChip_0_TLBuffer_3' (VHDL-1012)
INFO: analyzing architecture 'STRUCTURE' of entity 'riscv_rocketchip_0_tlbuffer_3' (VHDL-9006)
INFO: analyzing entity 'riscv_RocketChip_0_TLBuffer_4' (VHDL-1012)
INFO: analyzing architecture 'STRUCTURE' of entity 'riscv_rocketchip_0_tlbuffer_4' (VHDL-9006)
INFO: analyzing entity 'riscv_RocketChip_0_TLBuffer_5' (VHDL-1012)
INFO: analyzing architecture 'STRUCTURE' of entity 'riscv_rocketchip_0_tlbuffer_5' (VHDL-9006)
INFO: analyzing entity 'riscv_RocketChip_0_TLBuffer_9' (VHDL-1012)
INFO: analyzing architecture 'STRUCTURE' of entity 'riscv_rocketchip_0_tlbuffer_9' (VHDL-9006)
INFO: analyzing entity 'riscv_RocketChip_0_TLBusBypass' (VHDL-1012)
INFO: analyzing architecture 'STRUCTURE' of entity 'riscv_rocketchip_0_tlbusbypass' (VHDL-9006)
INFO: analyzing entity 'riscv_RocketChip_0_TLError' (VHDL-1012)
INFO: analyzing architecture 'STRUCTURE' of entity 'riscv_rocketchip_0_tlerror' (VHDL-9006)
INFO: analyzing entity 'riscv_RocketChip_0_TLFragmenter' (VHDL-1012)
INFO: analyzing architecture 'STRUCTURE' of entity 'riscv_rocketchip_0_tlfragmenter' (VHDL-9006)
INFO: analyzing entity 'riscv_RocketChip_0_TLFragmenter_1' (VHDL-1012)
INFO: analyzing architecture 'STRUCTURE' of entity 'riscv_rocketchip_0_tlfragmenter_1' (VHDL-9006)
INFO: analyzing entity 'riscv_RocketChip_0_TLFragmenter_2' (VHDL-1012)
INFO: analyzing architecture 'STRUCTURE' of entity 'riscv_rocketchip_0_tlfragmenter_2' (VHDL-9006)
INFO: analyzing entity 'riscv_RocketChip_0_TLFragmenter_3' (VHDL-1012)
INFO: analyzing architecture 'STRUCTURE' of entity 'riscv_rocketchip_0_tlfragmenter_3' (VHDL-9006)
INFO: analyzing entity 'riscv_RocketChip_0_TLPLIC' (VHDL-1012)
INFO: analyzing architecture 'STRUCTURE' of entity 'riscv_rocketchip_0_tlplic' (VHDL-9006)
INFO: analyzing entity 'riscv_RocketChip_0_TLToAXI4' (VHDL-1012)
INFO: analyzing architecture 'STRUCTURE' of entity 'riscv_rocketchip_0_tltoaxi4' (VHDL-9006)
INFO: analyzing entity 'riscv_RocketChip_0_TLToAXI4_1' (VHDL-1012)
INFO: analyzing architecture 'STRUCTURE' of entity 'riscv_rocketchip_0_tltoaxi4_1' (VHDL-9006)
INFO: analyzing entity 'riscv_RocketChip_0_TLWidthWidget_4' (VHDL-1012)
INFO: analyzing architecture 'STRUCTURE' of entity 'riscv_rocketchip_0_tlwidthwidget_4' (VHDL-9006)
INFO: analyzing entity 'riscv_RocketChip_0_data_arrays_0' (VHDL-1012)
INFO: analyzing architecture 'STRUCTURE' of entity 'riscv_rocketchip_0_data_arrays_0' (VHDL-9006)
INFO: analyzing entity 'riscv_RocketChip_0_data_arrays_0_0' (VHDL-1012)
INFO: analyzing architecture 'STRUCTURE' of entity 'riscv_rocketchip_0_data_arrays_0_0' (VHDL-9006)
INFO: analyzing entity 'riscv_RocketChip_0_data_arrays_0_0_1' (VHDL-1012)
INFO: analyzing architecture 'STRUCTURE' of entity 'riscv_rocketchip_0_data_arrays_0_0_1' (VHDL-9006)
INFO: analyzing entity 'riscv_RocketChip_0_mod_exp' (VHDL-1012)
INFO: analyzing architecture 'STRUCTURE' of entity 'riscv_rocketchip_0_mod_exp' (VHDL-9006)
INFO: analyzing entity 'riscv_RocketChip_0_tag_array' (VHDL-1012)
INFO: analyzing architecture 'STRUCTURE' of entity 'riscv_rocketchip_0_tag_array' (VHDL-9006)
INFO: analyzing entity 'riscv_RocketChip_0_tag_array_0' (VHDL-1012)
INFO: analyzing architecture 'STRUCTURE' of entity 'riscv_rocketchip_0_tag_array_0' (VHDL-9006)
INFO: analyzing entity 'riscv_RocketChip_0_blk_mem_gen_prim_width' (VHDL-1012)
INFO: analyzing architecture 'STRUCTURE' of entity 'riscv_rocketchip_0_blk_mem_gen_prim_width' (VHDL-9006)
INFO: analyzing entity '\riscv_RocketChip_0_blk_mem_gen_prim_width__parameterized0\' (VHDL-1012)
INFO: analyzing architecture 'STRUCTURE' of entity '\riscv_RocketChip_0_blk_mem_gen_prim_width__parameterized0\' (VHDL-9006)
INFO: analyzing entity '\riscv_RocketChip_0_blk_mem_gen_prim_width__parameterized1\' (VHDL-1012)
INFO: analyzing architecture 'STRUCTURE' of entity '\riscv_RocketChip_0_blk_mem_gen_prim_width__parameterized1\' (VHDL-9006)
INFO: analyzing entity 'riscv_RocketChip_0_AsyncQueueSink_2' (VHDL-1012)
INFO: analyzing architecture 'STRUCTURE' of entity 'riscv_rocketchip_0_asyncqueuesink_2' (VHDL-9006)
INFO: analyzing entity 'riscv_RocketChip_0_AsyncQueueSource' (VHDL-1012)
INFO: analyzing architecture 'STRUCTURE' of entity 'riscv_rocketchip_0_asyncqueuesource' (VHDL-9006)
INFO: analyzing entity 'riscv_RocketChip_0_AsyncQueueSource_1' (VHDL-1012)
INFO: analyzing architecture 'STRUCTURE' of entity 'riscv_rocketchip_0_asyncqueuesource_1' (VHDL-9006)
INFO: analyzing entity 'riscv_RocketChip_0_AsyncValidSync' (VHDL-1012)
INFO: analyzing architecture 'STRUCTURE' of entity 'riscv_rocketchip_0_asyncvalidsync' (VHDL-9006)
INFO: analyzing entity 'riscv_RocketChip_0_AsyncValidSync_101' (VHDL-1012)
INFO: analyzing architecture 'STRUCTURE' of entity 'riscv_rocketchip_0_asyncvalidsync_101' (VHDL-9006)
INFO: analyzing entity 'riscv_RocketChip_0_AsyncValidSync_102' (VHDL-1012)
INFO: analyzing architecture 'STRUCTURE' of entity 'riscv_rocketchip_0_asyncvalidsync_102' (VHDL-9006)
INFO: analyzing entity 'riscv_RocketChip_0_AsyncValidSync_88' (VHDL-1012)
INFO: analyzing architecture 'STRUCTURE' of entity 'riscv_rocketchip_0_asyncvalidsync_88' (VHDL-9006)
INFO: analyzing entity 'riscv_RocketChip_0_AsyncValidSync_95' (VHDL-1012)
INFO: analyzing architecture 'STRUCTURE' of entity 'riscv_rocketchip_0_asyncvalidsync_95' (VHDL-9006)
INFO: analyzing entity 'riscv_RocketChip_0_ClockSinkDomain' (VHDL-1012)
INFO: analyzing architecture 'STRUCTURE' of entity 'riscv_rocketchip_0_clocksinkdomain' (VHDL-9006)
INFO: analyzing entity 'riscv_RocketChip_0_DCacheDataArray' (VHDL-1012)
INFO: analyzing architecture 'STRUCTURE' of entity 'riscv_rocketchip_0_dcachedataarray' (VHDL-9006)
INFO: analyzing entity 'riscv_RocketChip_0_DivSqrtRecFN_small' (VHDL-1012)
INFO: analyzing architecture 'STRUCTURE' of entity 'riscv_rocketchip_0_divsqrtrecfn_small' (VHDL-9006)
INFO: analyzing entity 'riscv_RocketChip_0_DivSqrtRecFN_small_1' (VHDL-1012)
INFO: analyzing architecture 'STRUCTURE' of entity 'riscv_rocketchip_0_divsqrtrecfn_small_1' (VHDL-9006)
INFO: analyzing entity 'riscv_RocketChip_0_ErrorDeviceWrapper' (VHDL-1012)
INFO: analyzing architecture 'STRUCTURE' of entity 'riscv_rocketchip_0_errordevicewrapper' (VHDL-9006)
INFO: analyzing entity 'riscv_RocketChip_0_FPToFP' (VHDL-1012)
INFO: analyzing architecture 'STRUCTURE' of entity 'riscv_rocketchip_0_fptofp' (VHDL-9006)
INFO: analyzing entity 'riscv_RocketChip_0_ICache' (VHDL-1012)
INFO: analyzing architecture 'STRUCTURE' of entity 'riscv_rocketchip_0_icache' (VHDL-9006)
INFO: analyzing entity 'riscv_RocketChip_0_IntSyncAsyncCrossingSink' (VHDL-1012)
INFO: analyzing architecture 'STRUCTURE' of entity 'riscv_rocketchip_0_intsyncasynccrossingsink' (VHDL-9006)
INFO: analyzing entity 'riscv_RocketChip_0_IntSyncAsyncCrossingSink_1' (VHDL-1012)
INFO: analyzing architecture 'STRUCTURE' of entity 'riscv_rocketchip_0_intsyncasynccrossingsink_1' (VHDL-9006)
INFO: analyzing entity 'riscv_RocketChip_0_IntToFP' (VHDL-1012)
INFO: analyzing architecture 'STRUCTURE' of entity 'riscv_rocketchip_0_inttofp' (VHDL-9006)
INFO: analyzing entity 'riscv_RocketChip_0_MulAddRecFNPipe' (VHDL-1012)
INFO: analyzing architecture 'STRUCTURE' of entity 'riscv_rocketchip_0_muladdrecfnpipe' (VHDL-9006)
INFO: analyzing entity 'riscv_RocketChip_0_MulAddRecFNPipe_1' (VHDL-1012)
INFO: analyzing architecture 'STRUCTURE' of entity 'riscv_rocketchip_0_muladdrecfnpipe_1' (VHDL-9006)
INFO: analyzing entity 'riscv_RocketChip_0_TLBroadcast' (VHDL-1012)
INFO: analyzing architecture 'STRUCTURE' of entity 'riscv_rocketchip_0_tlbroadcast' (VHDL-9006)
INFO: analyzing entity 'riscv_RocketChip_0_TLDebugModuleInner' (VHDL-1012)
INFO: analyzing architecture 'STRUCTURE' of entity 'riscv_rocketchip_0_tldebugmoduleinner' (VHDL-9006)
INFO: analyzing entity 'riscv_RocketChip_0_TLInterconnectCoupler_10' (VHDL-1012)
INFO: analyzing architecture 'STRUCTURE' of entity 'riscv_rocketchip_0_tlinterconnectcoupler_10' (VHDL-9006)
INFO: analyzing entity 'riscv_RocketChip_0_TLInterconnectCoupler_12' (VHDL-1012)
INFO: analyzing architecture 'STRUCTURE' of entity 'riscv_rocketchip_0_tlinterconnectcoupler_12' (VHDL-9006)
INFO: analyzing entity 'riscv_RocketChip_0_TLInterconnectCoupler_13' (VHDL-1012)
INFO: analyzing architecture 'STRUCTURE' of entity 'riscv_rocketchip_0_tlinterconnectcoupler_13' (VHDL-9006)
INFO: analyzing entity 'riscv_RocketChip_0_TLInterconnectCoupler_4' (VHDL-1012)
INFO: analyzing architecture 'STRUCTURE' of entity 'riscv_rocketchip_0_tlinterconnectcoupler_4' (VHDL-9006)
INFO: analyzing entity 'riscv_RocketChip_0_TLInterconnectCoupler_5' (VHDL-1012)
INFO: analyzing architecture 'STRUCTURE' of entity 'riscv_rocketchip_0_tlinterconnectcoupler_5' (VHDL-9006)
INFO: analyzing entity 'riscv_RocketChip_0_TLInterconnectCoupler_6' (VHDL-1012)
INFO: analyzing architecture 'STRUCTURE' of entity 'riscv_rocketchip_0_tlinterconnectcoupler_6' (VHDL-9006)
INFO: analyzing entity 'riscv_RocketChip_0_TLInterconnectCoupler_8' (VHDL-1012)
INFO: analyzing architecture 'STRUCTURE' of entity 'riscv_rocketchip_0_tlinterconnectcoupler_8' (VHDL-9006)
INFO: analyzing entity 'riscv_RocketChip_0_TLInterconnectCoupler_9' (VHDL-1012)
INFO: analyzing architecture 'STRUCTURE' of entity 'riscv_rocketchip_0_tlinterconnectcoupler_9' (VHDL-9006)
INFO: analyzing entity 'riscv_RocketChip_0_blk_mem_gen_generic_cstr' (VHDL-1012)
INFO: analyzing architecture 'STRUCTURE' of entity 'riscv_rocketchip_0_blk_mem_gen_generic_cstr' (VHDL-9006)
INFO: analyzing entity '\riscv_RocketChip_0_blk_mem_gen_generic_cstr__parameterized0\' (VHDL-1012)
INFO: analyzing architecture 'STRUCTURE' of entity '\riscv_RocketChip_0_blk_mem_gen_generic_cstr__parameterized0\' (VHDL-9006)
INFO: analyzing entity '\riscv_RocketChip_0_blk_mem_gen_generic_cstr__parameterized1\' (VHDL-1012)
INFO: analyzing architecture 'STRUCTURE' of entity '\riscv_RocketChip_0_blk_mem_gen_generic_cstr__parameterized1\' (VHDL-9006)
INFO: analyzing entity 'riscv_RocketChip_0_AsyncQueueSink' (VHDL-1012)
INFO: analyzing architecture 'STRUCTURE' of entity 'riscv_rocketchip_0_asyncqueuesink' (VHDL-9006)
INFO: analyzing entity 'riscv_RocketChip_0_AsyncQueueSink_1' (VHDL-1012)
INFO: analyzing architecture 'STRUCTURE' of entity 'riscv_rocketchip_0_asyncqueuesink_1' (VHDL-9006)
INFO: analyzing entity 'riscv_RocketChip_0_AsyncQueueSource_2' (VHDL-1012)
INFO: analyzing architecture 'STRUCTURE' of entity 'riscv_rocketchip_0_asyncqueuesource_2' (VHDL-9006)
INFO: analyzing entity 'riscv_RocketChip_0_CoherenceManagerWrapper' (VHDL-1012)
INFO: analyzing architecture 'STRUCTURE' of entity 'riscv_rocketchip_0_coherencemanagerwrapper' (VHDL-9006)
INFO: analyzing entity 'riscv_RocketChip_0_DCache' (VHDL-1012)
INFO: analyzing architecture 'STRUCTURE' of entity 'riscv_rocketchip_0_dcache' (VHDL-9006)
INFO: analyzing entity 'riscv_RocketChip_0_FPUFMAPipe' (VHDL-1012)
INFO: analyzing architecture 'STRUCTURE' of entity 'riscv_rocketchip_0_fpufmapipe' (VHDL-9006)
INFO: analyzing entity 'riscv_RocketChip_0_FPUFMAPipe_1' (VHDL-1012)
INFO: analyzing architecture 'STRUCTURE' of entity 'riscv_rocketchip_0_fpufmapipe_1' (VHDL-9006)
INFO: analyzing entity 'riscv_RocketChip_0_FrontBus' (VHDL-1012)
INFO: analyzing architecture 'STRUCTURE' of entity 'riscv_rocketchip_0_frontbus' (VHDL-9006)
INFO: analyzing entity 'riscv_RocketChip_0_Frontend' (VHDL-1012)
INFO: analyzing architecture 'STRUCTURE' of entity 'riscv_rocketchip_0_frontend' (VHDL-9006)
INFO: analyzing entity 'riscv_RocketChip_0_MemoryBus' (VHDL-1012)
INFO: analyzing architecture 'STRUCTURE' of entity 'riscv_rocketchip_0_memorybus' (VHDL-9006)
INFO: analyzing entity 'riscv_RocketChip_0_PeripheryBus_1' (VHDL-1012)
INFO: analyzing architecture 'STRUCTURE' of entity 'riscv_rocketchip_0_peripherybus_1' (VHDL-9006)
INFO: analyzing entity 'riscv_RocketChip_0_SystemBus' (VHDL-1012)
INFO: analyzing architecture 'STRUCTURE' of entity 'riscv_rocketchip_0_systembus' (VHDL-9006)
INFO: analyzing entity 'riscv_RocketChip_0_blk_mem_gen_top' (VHDL-1012)
INFO: analyzing architecture 'STRUCTURE' of entity 'riscv_rocketchip_0_blk_mem_gen_top' (VHDL-9006)
INFO: analyzing entity '\riscv_RocketChip_0_blk_mem_gen_top__parameterized0\' (VHDL-1012)
INFO: analyzing architecture 'STRUCTURE' of entity '\riscv_RocketChip_0_blk_mem_gen_top__parameterized0\' (VHDL-9006)
INFO: analyzing entity '\riscv_RocketChip_0_blk_mem_gen_top__parameterized1\' (VHDL-1012)
INFO: analyzing architecture 'STRUCTURE' of entity '\riscv_RocketChip_0_blk_mem_gen_top__parameterized1\' (VHDL-9006)
INFO: analyzing entity 'riscv_RocketChip_0_FPU' (VHDL-1012)
INFO: analyzing architecture 'STRUCTURE' of entity 'riscv_rocketchip_0_fpu' (VHDL-9006)
INFO: analyzing entity 'riscv_RocketChip_0_TLAsyncCrossingSink' (VHDL-1012)
INFO: analyzing architecture 'STRUCTURE' of entity 'riscv_rocketchip_0_tlasynccrossingsink' (VHDL-9006)
INFO: analyzing entity 'riscv_RocketChip_0_TLAsyncCrossingSource' (VHDL-1012)
INFO: analyzing architecture 'STRUCTURE' of entity 'riscv_rocketchip_0_tlasynccrossingsource' (VHDL-9006)
INFO: analyzing entity 'riscv_RocketChip_0_blk_mem_gen_v8_4_5_synth' (VHDL-1012)
INFO: analyzing architecture 'STRUCTURE' of entity 'riscv_rocketchip_0_blk_mem_gen_v8_4_5_synth' (VHDL-9006)
INFO: analyzing entity '\riscv_RocketChip_0_blk_mem_gen_v8_4_5_synth__parameterized0\' (VHDL-1012)
INFO: analyzing architecture 'STRUCTURE' of entity '\riscv_RocketChip_0_blk_mem_gen_v8_4_5_synth__parameterized0\' (VHDL-9006)
INFO: analyzing entity '\riscv_RocketChip_0_blk_mem_gen_v8_4_5_synth__parameterized1\' (VHDL-1012)
INFO: analyzing architecture 'STRUCTURE' of entity '\riscv_RocketChip_0_blk_mem_gen_v8_4_5_synth__parameterized1\' (VHDL-9006)
INFO: analyzing entity 'riscv_RocketChip_0_TLDebugModuleInnerAsync' (VHDL-1012)
INFO: analyzing architecture 'STRUCTURE' of entity 'riscv_rocketchip_0_tldebugmoduleinnerasync' (VHDL-9006)
INFO: analyzing entity 'riscv_RocketChip_0_TLDebugModuleOuterAsync' (VHDL-1012)
INFO: analyzing architecture 'STRUCTURE' of entity 'riscv_rocketchip_0_tldebugmoduleouterasync' (VHDL-9006)
INFO: analyzing entity 'riscv_RocketChip_0_blk_mem_gen_v8_4_5' (VHDL-1012)
INFO: analyzing architecture 'STRUCTURE' of entity 'riscv_rocketchip_0_blk_mem_gen_v8_4_5' (VHDL-9006)
INFO: analyzing entity '\riscv_RocketChip_0_blk_mem_gen_v8_4_5__parameterized1\' (VHDL-1012)
INFO: analyzing architecture 'STRUCTURE' of entity '\riscv_RocketChip_0_blk_mem_gen_v8_4_5__parameterized1\' (VHDL-9006)
INFO: analyzing entity '\riscv_RocketChip_0_blk_mem_gen_v8_4_5__parameterized3\' (VHDL-1012)
INFO: analyzing architecture 'STRUCTURE' of entity '\riscv_RocketChip_0_blk_mem_gen_v8_4_5__parameterized3\' (VHDL-9006)
INFO: analyzing entity 'riscv_RocketChip_0_TLDebugModule' (VHDL-1012)
INFO: analyzing architecture 'STRUCTURE' of entity 'riscv_rocketchip_0_tldebugmodule' (VHDL-9006)
INFO: analyzing entity 'riscv_RocketChip_0_charLib' (VHDL-1012)
INFO: analyzing architecture 'STRUCTURE' of entity 'riscv_rocketchip_0_charlib' (VHDL-9006)
INFO: analyzing entity 'riscv_RocketChip_0_init_sequence_rom' (VHDL-1012)
INFO: analyzing architecture 'STRUCTURE' of entity 'riscv_rocketchip_0_init_sequence_rom' (VHDL-9006)
INFO: analyzing entity 'riscv_RocketChip_0_pixel_buffer' (VHDL-1012)
INFO: analyzing architecture 'STRUCTURE' of entity 'riscv_rocketchip_0_pixel_buffer' (VHDL-9006)
INFO: analyzing entity 'riscv_RocketChip_0_OLEDCtrl' (VHDL-1012)
INFO: analyzing architecture 'STRUCTURE' of entity 'riscv_rocketchip_0_oledctrl' (VHDL-9006)
INFO: analyzing entity 'riscv_RocketChip_0_oled_test' (VHDL-1012)
INFO: analyzing architecture 'STRUCTURE' of entity 'riscv_rocketchip_0_oled_test' (VHDL-9006)
INFO: analyzing entity 'riscv_RocketChip_0_Rocket' (VHDL-1012)
INFO: analyzing architecture 'STRUCTURE' of entity 'riscv_rocketchip_0_rocket' (VHDL-9006)
INFO: analyzing entity 'riscv_RocketChip_0_RocketTile' (VHDL-1012)
INFO: analyzing architecture 'STRUCTURE' of entity 'riscv_rocketchip_0_rockettile' (VHDL-9006)
INFO: analyzing entity 'riscv_RocketChip_0_TilePRCIDomain' (VHDL-1012)
INFO: analyzing architecture 'STRUCTURE' of entity 'riscv_rocketchip_0_tileprcidomain' (VHDL-9006)
INFO: analyzing entity 'riscv_RocketChip_0_RocketSystem' (VHDL-1012)
INFO: analyzing architecture 'STRUCTURE' of entity 'riscv_rocketchip_0_rocketsystem' (VHDL-9006)
INFO: analyzing entity 'riscv_RocketChip_0_Rocket64b1' (VHDL-1012)
INFO: analyzing architecture 'STRUCTURE' of entity 'riscv_rocketchip_0_rocket64b1' (VHDL-9006)
INFO: analyzing entity 'riscv_RocketChip_0' (VHDL-1012)
INFO: analyzing architecture 'STRUCTURE' of entity 'riscv_rocketchip_0' (VHDL-9006)
